{"C:\\Users\\Dustin\\Code\\School\\Dandle-Backend\\src\\app.ts": {"path":"C:\\Users\\Dustin\\Code\\School\\Dandle-Backend\\src\\app.ts","statementMap":{"0":{"start":{"line":1,"column":0},"end":{"line":1,"column":30}},"1":{"start":{"line":2,"column":0},"end":{"line":2,"column":28}},"2":{"start":{"line":3,"column":0},"end":{"line":3,"column":32}},"3":{"start":{"line":4,"column":0},"end":{"line":4,"column":29}},"4":{"start":{"line":5,"column":0},"end":{"line":5,"column":28}},"5":{"start":{"line":6,"column":0},"end":{"line":6,"column":28}},"6":{"start":{"line":7,"column":0},"end":{"line":7,"column":38}},"7":{"start":{"line":8,"column":0},"end":{"line":8,"column":41}},"8":{"start":{"line":9,"column":0},"end":{"line":9,"column":32}},"9":{"start":{"line":10,"column":0},"end":{"line":10,"column":28}},"10":{"start":{"line":11,"column":0},"end":{"line":11,"column":30}},"11":{"start":{"line":12,"column":0},"end":{"line":12,"column":45}},"12":{"start":{"line":14,"column":0},"end":{"line":14,"column":34}},"13":{"start":{"line":15,"column":0},"end":{"line":15,"column":35}},"14":{"start":{"line":16,"column":0},"end":{"line":16,"column":35}},"15":{"start":{"line":17,"column":0},"end":{"line":17,"column":50}},"16":{"start":{"line":18,"column":0},"end":{"line":18,"column":56}},"17":{"start":{"line":19,"column":0},"end":{"line":19,"column":56}},"18":{"start":{"line":20,"column":0},"end":{"line":20,"column":47}},"19":{"start":{"line":21,"column":0},"end":{"line":21,"column":60}},"20":{"start":{"line":23,"column":15},"end":{"line":23,"column":23}},"21":{"start":{"line":24,"column":0},"end":{"line":24,"column":16}},"22":{"start":{"line":25,"column":12},"end":{"line":25,"column":21}},"23":{"start":{"line":144,"column":9},"end":{"line":144,"column":12}},"24":{"start":{"line":26,"column":0},"end":{"line":26,"column":52}},"25":{"start":{"line":27,"column":19},"end":{"line":27,"column":40}},"26":{"start":{"line":31,"column":2},"end":{"line":42,"column":null}},"27":{"start":{"line":32,"column":4},"end":{"line":38,"column":null}},"28":{"start":{"line":33,"column":6},"end":{"line":33,"column":54}},"29":{"start":{"line":34,"column":6},"end":{"line":34,"column":42}},"30":{"start":{"line":36,"column":28},"end":{"line":36,"column":45}},"31":{"start":{"line":37,"column":6},"end":{"line":37,"column":66}},"32":{"start":{"line":40,"column":4},"end":{"line":40,"column":59}},"33":{"start":{"line":41,"column":4},"end":{"line":41,"column":20}},"34":{"start":{"line":46,"column":15},"end":{"line":46,"column":36}},"35":{"start":{"line":48,"column":2},"end":{"line":51,"column":null}},"36":{"start":{"line":49,"column":4},"end":{"line":49,"column":33}},"37":{"start":{"line":50,"column":4},"end":{"line":50,"column":20}},"38":{"start":{"line":53,"column":2},"end":{"line":53,"column":14}},"39":{"start":{"line":57,"column":0},"end":{"line":59,"column":3}},"40":{"start":{"line":58,"column":2},"end":{"line":58,"column":50}},"41":{"start":{"line":60,"column":0},"end":{"line":60,"column":18}},"42":{"start":{"line":61,"column":0},"end":{"line":61,"column":19}},"43":{"start":{"line":62,"column":0},"end":{"line":62,"column":43}},"44":{"start":{"line":63,"column":0},"end":{"line":63,"column":24}},"45":{"start":{"line":64,"column":0},"end":{"line":64,"column":48}},"46":{"start":{"line":65,"column":0},"end":{"line":65,"column":23}},"47":{"start":{"line":66,"column":0},"end":{"line":66,"column":34}},"48":{"start":{"line":68,"column":0},"end":{"line":70,"column":null}},"49":{"start":{"line":69,"column":2},"end":{"line":69,"column":70}},"50":{"start":{"line":72,"column":0},"end":{"line":80,"column":2}},"51":{"start":{"line":82,"column":0},"end":{"line":82,"column":31}},"52":{"start":{"line":83,"column":0},"end":{"line":83,"column":28}},"53":{"start":{"line":85,"column":0},"end":{"line":109,"column":2}},"54":{"start":{"line":111,"column":0},"end":{"line":111,"column":43}},"55":{"start":{"line":113,"column":0},"end":{"line":113,"column":26}},"56":{"start":{"line":114,"column":0},"end":{"line":114,"column":29}},"57":{"start":{"line":115,"column":0},"end":{"line":115,"column":33}},"58":{"start":{"line":116,"column":0},"end":{"line":116,"column":33}},"59":{"start":{"line":117,"column":0},"end":{"line":117,"column":36}},"60":{"start":{"line":144,"column":14},"end":{"line":144,"column":20}},"61":{"start":{"line":124,"column":0},"end":{"line":141,"column":null}},"62":{"start":{"line":125,"column":2},"end":{"line":133,"column":5}},"63":{"start":{"line":127,"column":4},"end":{"line":132,"column":null}},"64":{"start":{"line":129,"column":23},"end":{"line":129,"column":39}},"65":{"start":{"line":130,"column":6},"end":{"line":130,"column":57}},"66":{"start":{"line":131,"column":6},"end":{"line":131,"column":38}},"67":{"start":{"line":136,"column":15},"end":{"line":136,"column":56}},"68":{"start":{"line":137,"column":2},"end":{"line":140,"column":5}},"69":{"start":{"line":138,"column":4},"end":{"line":138,"column":50}},"70":{"start":{"line":139,"column":4},"end":{"line":139,"column":36}}},"fnMap":{"0":{"name":"prestart","decl":{"start":{"line":29,"column":15},"end":{"line":29,"column":23}},"loc":{"start":{"line":29,"column":23},"end":{"line":43,"column":1}}},"1":{"name":"normalizePort","decl":{"start":{"line":45,"column":9},"end":{"line":45,"column":22}},"loc":{"start":{"line":45,"column":38},"end":{"line":54,"column":1}}},"2":{"name":"(anonymous_3)","decl":{"start":{"line":57,"column":17},"end":{"line":57,"column":20}},"loc":{"start":{"line":57,"column":22},"end":{"line":59,"column":1}}},"3":{"name":"(anonymous_4)","decl":{"start":{"line":125,"column":25},"end":{"line":125,"column":28}},"loc":{"start":{"line":125,"column":30},"end":{"line":133,"column":3}}},"4":{"name":"(anonymous_5)","decl":{"start":{"line":137,"column":28},"end":{"line":137,"column":31}},"loc":{"start":{"line":137,"column":33},"end":{"line":140,"column":3}}}},"branchMap":{"0":{"loc":{"start":{"line":31,"column":2},"end":{"line":42,"column":null}},"type":"if","locations":[{"start":{"line":31,"column":2},"end":{"line":42,"column":null}},{"start":{"line":31,"column":2},"end":{"line":42,"column":null}}]},"1":{"loc":{"start":{"line":48,"column":2},"end":{"line":51,"column":null}},"type":"if","locations":[{"start":{"line":48,"column":2},"end":{"line":51,"column":null}},{"start":{"line":48,"column":2},"end":{"line":51,"column":null}}]},"2":{"loc":{"start":{"line":48,"column":6},"end":{"line":48,"column":24}},"type":"binary-expr","locations":[{"start":{"line":48,"column":6},"end":{"line":48,"column":24}},{"start":{"line":48,"column":28},"end":{"line":48,"column":37}}]},"3":{"loc":{"start":{"line":68,"column":0},"end":{"line":70,"column":null}},"type":"if","locations":[{"start":{"line":68,"column":0},"end":{"line":70,"column":null}},{"start":{"line":68,"column":0},"end":{"line":70,"column":null}}]},"4":{"loc":{"start":{"line":124,"column":0},"end":{"line":141,"column":null}},"type":"if","locations":[{"start":{"line":124,"column":0},"end":{"line":141,"column":null}},{"start":{"line":124,"column":0},"end":{"line":141,"column":null}}]},"5":{"loc":{"start":{"line":127,"column":4},"end":{"line":132,"column":null}},"type":"if","locations":[{"start":{"line":127,"column":4},"end":{"line":132,"column":null}},{"start":{"line":127,"column":4},"end":{"line":132,"column":null}}]},"6":{"loc":{"start":{"line":136,"column":29},"end":{"line":136,"column":45}},"type":"binary-expr","locations":[{"start":{"line":136,"column":29},"end":{"line":136,"column":45}},{"start":{"line":136,"column":49},"end":{"line":136,"column":55}}]}},"s":{"0":4,"1":4,"2":4,"3":4,"4":4,"5":4,"6":4,"7":4,"8":4,"9":4,"10":4,"11":4,"12":4,"13":4,"14":4,"15":4,"16":4,"17":4,"18":4,"19":4,"20":4,"21":4,"22":4,"23":4,"24":4,"25":4,"26":4,"27":4,"28":4,"29":4,"30":0,"31":0,"32":0,"33":0,"34":0,"35":0,"36":0,"37":0,"38":0,"39":4,"40":0,"41":4,"42":4,"43":4,"44":4,"45":4,"46":4,"47":4,"48":4,"49":4,"50":4,"51":4,"52":4,"53":4,"54":4,"55":4,"56":4,"57":4,"58":4,"59":4,"60":4,"61":4,"62":4,"63":4,"64":4,"65":4,"66":4,"67":0,"68":0,"69":0,"70":0},"f":{"0":4,"1":0,"2":0,"3":4,"4":0},"b":{"0":[4,0],"1":[0,0],"2":[0,0],"3":[4,0],"4":[4,0],"5":[4,0],"6":[0,0]}}
,"C:\\Users\\Dustin\\Code\\School\\Dandle-Backend\\src\\logging.ts": {"path":"C:\\Users\\Dustin\\Code\\School\\Dandle-Backend\\src\\logging.ts","statementMap":{"0":{"start":{"line":1,"column":0},"end":{"line":1,"column":30}},"1":{"start":{"line":3,"column":13},"end":{"line":21,"column":3}}},"fnMap":{},"branchMap":{},"s":{"0":4,"1":4},"f":{},"b":{}}
,"C:\\Users\\Dustin\\Code\\School\\Dandle-Backend\\src\\redis.ts": {"path":"C:\\Users\\Dustin\\Code\\School\\Dandle-Backend\\src\\redis.ts","statementMap":{"0":{"start":{"line":1,"column":0},"end":{"line":1,"column":28}},"1":{"start":{"line":2,"column":0},"end":{"line":2,"column":28}},"2":{"start":{"line":3,"column":0},"end":{"line":3,"column":35}},"3":{"start":{"line":5,"column":0},"end":{"line":5,"column":16}},"4":{"start":{"line":7,"column":20},"end":{"line":42,"column":4}},"5":{"start":{"line":8,"column":28},"end":{"line":8,"column":60}},"6":{"start":{"line":9,"column":28},"end":{"line":9,"column":61}},"7":{"start":{"line":11,"column":2},"end":{"line":15,"column":null}},"8":{"start":{"line":12,"column":4},"end":{"line":12,"column":59}},"9":{"start":{"line":14,"column":4},"end":{"line":14,"column":51}},"10":{"start":{"line":16,"column":2},"end":{"line":20,"column":null}},"11":{"start":{"line":17,"column":4},"end":{"line":17,"column":59}},"12":{"start":{"line":19,"column":4},"end":{"line":19,"column":52}},"13":{"start":{"line":22,"column":2},"end":{"line":24,"column":null}},"14":{"start":{"line":23,"column":4},"end":{"line":23,"column":80}},"15":{"start":{"line":26,"column":22},"end":{"line":26,"column":67}},"16":{"start":{"line":27,"column":2},"end":{"line":36,"column":5}},"17":{"start":{"line":28,"column":24},"end":{"line":28,"column":57}},"18":{"start":{"line":29,"column":4},"end":{"line":35,"column":null}},"19":{"start":{"line":30,"column":6},"end":{"line":32,"column":8}},"20":{"start":{"line":34,"column":6},"end":{"line":34,"column":32}},"21":{"start":{"line":37,"column":2},"end":{"line":39,"column":5}},"22":{"start":{"line":38,"column":4},"end":{"line":38,"column":38}},"23":{"start":{"line":41,"column":2},"end":{"line":41,"column":21}},"24":{"start":{"line":44,"column":0},"end":{"line":44,"column":27}}},"fnMap":{"0":{"name":"(anonymous_1)","decl":{"start":{"line":7,"column":21},"end":{"line":7,"column":24}},"loc":{"start":{"line":7,"column":26},"end":{"line":42,"column":1}}},"1":{"name":"(anonymous_2)","decl":{"start":{"line":27,"column":26},"end":{"line":27,"column":27}},"loc":{"start":{"line":27,"column":39},"end":{"line":36,"column":3}}},"2":{"name":"(anonymous_3)","decl":{"start":{"line":37,"column":26},"end":{"line":37,"column":29}},"loc":{"start":{"line":37,"column":31},"end":{"line":39,"column":3}}}},"branchMap":{"0":{"loc":{"start":{"line":8,"column":28},"end":{"line":8,"column":50}},"type":"binary-expr","locations":[{"start":{"line":8,"column":28},"end":{"line":8,"column":50}},{"start":{"line":8,"column":54},"end":{"line":8,"column":60}}]},"1":{"loc":{"start":{"line":9,"column":28},"end":{"line":9,"column":50}},"type":"binary-expr","locations":[{"start":{"line":9,"column":28},"end":{"line":9,"column":50}},{"start":{"line":9,"column":54},"end":{"line":9,"column":61}}]},"2":{"loc":{"start":{"line":11,"column":2},"end":{"line":15,"column":null}},"type":"if","locations":[{"start":{"line":11,"column":2},"end":{"line":15,"column":null}},{"start":{"line":11,"column":2},"end":{"line":15,"column":null}}]},"3":{"loc":{"start":{"line":16,"column":2},"end":{"line":20,"column":null}},"type":"if","locations":[{"start":{"line":16,"column":2},"end":{"line":20,"column":null}},{"start":{"line":16,"column":2},"end":{"line":20,"column":null}}]},"4":{"loc":{"start":{"line":22,"column":2},"end":{"line":24,"column":null}},"type":"if","locations":[{"start":{"line":22,"column":2},"end":{"line":24,"column":null}},{"start":{"line":22,"column":2},"end":{"line":24,"column":null}}]},"5":{"loc":{"start":{"line":22,"column":6},"end":{"line":22,"column":29}},"type":"binary-expr","locations":[{"start":{"line":22,"column":6},"end":{"line":22,"column":29}},{"start":{"line":22,"column":33},"end":{"line":22,"column":55}}]},"6":{"loc":{"start":{"line":29,"column":4},"end":{"line":35,"column":null}},"type":"if","locations":[{"start":{"line":29,"column":4},"end":{"line":35,"column":null}},{"start":{"line":29,"column":4},"end":{"line":35,"column":null}}]}},"s":{"0":4,"1":4,"2":4,"3":4,"4":4,"5":4,"6":4,"7":4,"8":0,"9":4,"10":4,"11":4,"12":0,"13":4,"14":4,"15":4,"16":4,"17":0,"18":0,"19":0,"20":0,"21":4,"22":4,"23":4,"24":4},"f":{"0":4,"1":0,"2":4},"b":{"0":[4,4],"1":[4,0],"2":[0,4],"3":[4,0],"4":[4,0],"5":[4,0],"6":[0,0]}}
,"C:\\Users\\Dustin\\Code\\School\\Dandle-Backend\\src\\auth\\passportConfig.ts": {"path":"C:\\Users\\Dustin\\Code\\School\\Dandle-Backend\\src\\auth\\passportConfig.ts","statementMap":{"0":{"start":{"line":1,"column":0},"end":{"line":1,"column":43}},"1":{"start":{"line":2,"column":0},"end":{"line":2,"column":67}},"2":{"start":{"line":3,"column":0},"end":{"line":3,"column":28}},"3":{"start":{"line":5,"column":0},"end":{"line":5,"column":48}},"4":{"start":{"line":6,"column":0},"end":{"line":6,"column":60}},"5":{"start":{"line":7,"column":0},"end":{"line":7,"column":36}},"6":{"start":{"line":8,"column":0},"end":{"line":8,"column":45}},"7":{"start":{"line":10,"column":0},"end":{"line":292,"column":2}},"8":{"start":{"line":16,"column":15},"end":{"line":22,"column":4}},"9":{"start":{"line":31,"column":2},"end":{"line":76,"column":4}},"10":{"start":{"line":43,"column":8},"end":{"line":57,"column":null}},"11":{"start":{"line":44,"column":10},"end":{"line":56,"column":null}},"12":{"start":{"line":45,"column":25},"end":{"line":47,"column":14}},"13":{"start":{"line":48,"column":12},"end":{"line":52,"column":null}},"14":{"start":{"line":49,"column":14},"end":{"line":49,"column":31}},"15":{"start":{"line":51,"column":14},"end":{"line":51,"column":31}},"16":{"start":{"line":54,"column":12},"end":{"line":54,"column":28}},"17":{"start":{"line":55,"column":12},"end":{"line":55,"column":20}},"18":{"start":{"line":58,"column":8},"end":{"line":72,"column":null}},"19":{"start":{"line":59,"column":10},"end":{"line":71,"column":null}},"20":{"start":{"line":60,"column":25},"end":{"line":62,"column":14}},"21":{"start":{"line":63,"column":12},"end":{"line":67,"column":null}},"22":{"start":{"line":64,"column":14},"end":{"line":64,"column":31}},"23":{"start":{"line":66,"column":14},"end":{"line":66,"column":31}},"24":{"start":{"line":69,"column":12},"end":{"line":69,"column":28}},"25":{"start":{"line":70,"column":12},"end":{"line":70,"column":20}},"26":{"start":{"line":73,"column":8},"end":{"line":73,"column":31}},"27":{"start":{"line":78,"column":2},"end":{"line":110,"column":4}},"28":{"start":{"line":91,"column":22},"end":{"line":91,"column":62}},"29":{"start":{"line":92,"column":8},"end":{"line":106,"column":null}},"30":{"start":{"line":93,"column":23},"end":{"line":93,"column":56}},"31":{"start":{"line":95,"column":10},"end":{"line":99,"column":null}},"32":{"start":{"line":96,"column":12},"end":{"line":98,"column":15}},"33":{"start":{"line":100,"column":10},"end":{"line":104,"column":null}},"34":{"start":{"line":101,"column":12},"end":{"line":103,"column":15}},"35":{"start":{"line":105,"column":10},"end":{"line":105,"column":34}},"36":{"start":{"line":107,"column":8},"end":{"line":107,"column":64}},"37":{"start":{"line":111,"column":2},"end":{"line":162,"column":4}},"38":{"start":{"line":115,"column":30},"end":{"line":115,"column":38}},"39":{"start":{"line":116,"column":30},"end":{"line":116,"column":38}},"40":{"start":{"line":117,"column":8},"end":{"line":159,"column":11}},"41":{"start":{"line":118,"column":10},"end":{"line":124,"column":null}},"42":{"start":{"line":119,"column":40},"end":{"line":119,"column":59}},"43":{"start":{"line":120,"column":12},"end":{"line":120,"column":38}},"44":{"start":{"line":121,"column":12},"end":{"line":123,"column":15}},"45":{"start":{"line":126,"column":10},"end":{"line":158,"column":null}},"46":{"start":{"line":127,"column":12},"end":{"line":153,"column":14}},"47":{"start":{"line":130,"column":16},"end":{"line":132,"column":null}},"48":{"start":{"line":131,"column":18},"end":{"line":131,"column":37}},"49":{"start":{"line":133,"column":16},"end":{"line":137,"column":null}},"50":{"start":{"line":134,"column":18},"end":{"line":136,"column":21}},"51":{"start":{"line":139,"column":16},"end":{"line":139,"column":43}},"52":{"start":{"line":140,"column":16},"end":{"line":140,"column":52}},"53":{"start":{"line":141,"column":38},"end":{"line":143,"column":null}},"54":{"start":{"line":146,"column":16},"end":{"line":150,"column":null}},"55":{"start":{"line":147,"column":18},"end":{"line":149,"column":21}},"56":{"start":{"line":151,"column":16},"end":{"line":151,"column":44}},"57":{"start":{"line":155,"column":12},"end":{"line":157,"column":15}},"58":{"start":{"line":163,"column":2},"end":{"line":212,"column":4}},"59":{"start":{"line":178,"column":8},"end":{"line":209,"column":11}},"60":{"start":{"line":179,"column":10},"end":{"line":185,"column":null}},"61":{"start":{"line":180,"column":40},"end":{"line":180,"column":59}},"62":{"start":{"line":181,"column":12},"end":{"line":181,"column":38}},"63":{"start":{"line":182,"column":12},"end":{"line":184,"column":15}},"64":{"start":{"line":187,"column":10},"end":{"line":208,"column":null}},"65":{"start":{"line":188,"column":12},"end":{"line":203,"column":15}},"66":{"start":{"line":189,"column":14},"end":{"line":191,"column":null}},"67":{"start":{"line":190,"column":16},"end":{"line":190,"column":35}},"68":{"start":{"line":192,"column":14},"end":{"line":196,"column":null}},"69":{"start":{"line":193,"column":16},"end":{"line":195,"column":19}},"70":{"start":{"line":197,"column":14},"end":{"line":201,"column":null}},"71":{"start":{"line":198,"column":16},"end":{"line":200,"column":19}},"72":{"start":{"line":202,"column":14},"end":{"line":202,"column":38}},"73":{"start":{"line":205,"column":12},"end":{"line":207,"column":15}},"74":{"start":{"line":228,"column":2},"end":{"line":249,"column":5}},"75":{"start":{"line":230,"column":4},"end":{"line":248,"column":null}},"76":{"start":{"line":231,"column":6},"end":{"line":234,"column":8}},"77":{"start":{"line":235,"column":6},"end":{"line":235,"column":30}},"78":{"start":{"line":236,"column":11},"end":{"line":248,"column":null}},"79":{"start":{"line":237,"column":6},"end":{"line":240,"column":8}},"80":{"start":{"line":241,"column":6},"end":{"line":241,"column":30}},"81":{"start":{"line":242,"column":11},"end":{"line":248,"column":null}},"82":{"start":{"line":243,"column":6},"end":{"line":246,"column":8}},"83":{"start":{"line":247,"column":6},"end":{"line":247,"column":30}},"84":{"start":{"line":255,"column":2},"end":{"line":291,"column":4}},"85":{"start":{"line":262,"column":6},"end":{"line":289,"column":null}},"86":{"start":{"line":263,"column":8},"end":{"line":270,"column":13}},"87":{"start":{"line":265,"column":12},"end":{"line":265,"column":33}},"88":{"start":{"line":268,"column":12},"end":{"line":268,"column":48}},"89":{"start":{"line":269,"column":12},"end":{"line":269,"column":30}},"90":{"start":{"line":271,"column":13},"end":{"line":289,"column":null}},"91":{"start":{"line":272,"column":8},"end":{"line":279,"column":13}},"92":{"start":{"line":274,"column":12},"end":{"line":274,"column":33}},"93":{"start":{"line":277,"column":12},"end":{"line":277,"column":48}},"94":{"start":{"line":278,"column":12},"end":{"line":278,"column":30}},"95":{"start":{"line":280,"column":13},"end":{"line":289,"column":null}},"96":{"start":{"line":281,"column":8},"end":{"line":288,"column":13}},"97":{"start":{"line":283,"column":12},"end":{"line":283,"column":33}},"98":{"start":{"line":286,"column":12},"end":{"line":286,"column":48}},"99":{"start":{"line":287,"column":12},"end":{"line":287,"column":30}}},"fnMap":{"0":{"name":"(anonymous_1)","decl":{"start":{"line":10,"column":17},"end":{"line":10,"column":18}},"loc":{"start":{"line":10,"column":35},"end":{"line":292,"column":1}}},"1":{"name":"(anonymous_2)","decl":{"start":{"line":42,"column":6},"end":{"line":42,"column":11}},"loc":{"start":{"line":42,"column":45},"end":{"line":74,"column":7}}},"2":{"name":"(anonymous_3)","decl":{"start":{"line":90,"column":6},"end":{"line":90,"column":11}},"loc":{"start":{"line":90,"column":57},"end":{"line":108,"column":7}}},"3":{"name":"(anonymous_4)","decl":{"start":{"line":114,"column":6},"end":{"line":114,"column":7}},"loc":{"start":{"line":114,"column":56},"end":{"line":160,"column":7}}},"4":{"name":"(anonymous_5)","decl":{"start":{"line":117,"column":55},"end":{"line":117,"column":56}},"loc":{"start":{"line":117,"column":70},"end":{"line":159,"column":9}}},"5":{"name":"(anonymous_6)","decl":{"start":{"line":129,"column":14},"end":{"line":129,"column":15}},"loc":{"start":{"line":129,"column":44},"end":{"line":152,"column":15}}},"6":{"name":"(anonymous_7)","decl":{"start":{"line":177,"column":6},"end":{"line":177,"column":7}},"loc":{"start":{"line":177,"column":61},"end":{"line":210,"column":7}}},"7":{"name":"(anonymous_8)","decl":{"start":{"line":178,"column":47},"end":{"line":178,"column":48}},"loc":{"start":{"line":178,"column":62},"end":{"line":209,"column":9}}},"8":{"name":"(anonymous_9)","decl":{"start":{"line":188,"column":44},"end":{"line":188,"column":45}},"loc":{"start":{"line":188,"column":70},"end":{"line":203,"column":13}}},"9":{"name":"(anonymous_10)","decl":{"start":{"line":228,"column":25},"end":{"line":228,"column":26}},"loc":{"start":{"line":228,"column":68},"end":{"line":249,"column":3}}},"10":{"name":"(anonymous_11)","decl":{"start":{"line":261,"column":4},"end":{"line":261,"column":5}},"loc":{"start":{"line":261,"column":38},"end":{"line":290,"column":5}}},"11":{"name":"(anonymous_12)","decl":{"start":{"line":264,"column":16},"end":{"line":264,"column":17}},"loc":{"start":{"line":264,"column":29},"end":{"line":266,"column":11}}},"12":{"name":"(anonymous_13)","decl":{"start":{"line":267,"column":17},"end":{"line":267,"column":18}},"loc":{"start":{"line":267,"column":27},"end":{"line":270,"column":11}}},"13":{"name":"(anonymous_14)","decl":{"start":{"line":273,"column":16},"end":{"line":273,"column":17}},"loc":{"start":{"line":273,"column":29},"end":{"line":275,"column":11}}},"14":{"name":"(anonymous_15)","decl":{"start":{"line":276,"column":17},"end":{"line":276,"column":18}},"loc":{"start":{"line":276,"column":27},"end":{"line":279,"column":11}}},"15":{"name":"(anonymous_16)","decl":{"start":{"line":282,"column":16},"end":{"line":282,"column":17}},"loc":{"start":{"line":282,"column":29},"end":{"line":284,"column":11}}},"16":{"name":"(anonymous_17)","decl":{"start":{"line":285,"column":17},"end":{"line":285,"column":18}},"loc":{"start":{"line":285,"column":27},"end":{"line":288,"column":11}}}},"branchMap":{"0":{"loc":{"start":{"line":43,"column":8},"end":{"line":57,"column":null}},"type":"if","locations":[{"start":{"line":43,"column":8},"end":{"line":57,"column":null}},{"start":{"line":43,"column":8},"end":{"line":57,"column":null}}]},"1":{"loc":{"start":{"line":48,"column":12},"end":{"line":52,"column":null}},"type":"if","locations":[{"start":{"line":48,"column":12},"end":{"line":52,"column":null}},{"start":{"line":48,"column":12},"end":{"line":52,"column":null}}]},"2":{"loc":{"start":{"line":58,"column":8},"end":{"line":72,"column":null}},"type":"if","locations":[{"start":{"line":58,"column":8},"end":{"line":72,"column":null}},{"start":{"line":58,"column":8},"end":{"line":72,"column":null}}]},"3":{"loc":{"start":{"line":63,"column":12},"end":{"line":67,"column":null}},"type":"if","locations":[{"start":{"line":63,"column":12},"end":{"line":67,"column":null}},{"start":{"line":63,"column":12},"end":{"line":67,"column":null}}]},"4":{"loc":{"start":{"line":92,"column":8},"end":{"line":106,"column":null}},"type":"if","locations":[{"start":{"line":92,"column":8},"end":{"line":106,"column":null}},{"start":{"line":92,"column":8},"end":{"line":106,"column":null}}]},"5":{"loc":{"start":{"line":95,"column":10},"end":{"line":99,"column":null}},"type":"if","locations":[{"start":{"line":95,"column":10},"end":{"line":99,"column":null}},{"start":{"line":95,"column":10},"end":{"line":99,"column":null}}]},"6":{"loc":{"start":{"line":100,"column":10},"end":{"line":104,"column":null}},"type":"if","locations":[{"start":{"line":100,"column":10},"end":{"line":104,"column":null}},{"start":{"line":100,"column":10},"end":{"line":104,"column":null}}]},"7":{"loc":{"start":{"line":118,"column":10},"end":{"line":124,"column":null}},"type":"if","locations":[{"start":{"line":118,"column":10},"end":{"line":124,"column":null}},{"start":{"line":118,"column":10},"end":{"line":124,"column":null}}]},"8":{"loc":{"start":{"line":126,"column":10},"end":{"line":158,"column":null}},"type":"if","locations":[{"start":{"line":126,"column":10},"end":{"line":158,"column":null}},{"start":{"line":126,"column":10},"end":{"line":158,"column":null}}]},"9":{"loc":{"start":{"line":130,"column":16},"end":{"line":132,"column":null}},"type":"if","locations":[{"start":{"line":130,"column":16},"end":{"line":132,"column":null}},{"start":{"line":130,"column":16},"end":{"line":132,"column":null}}]},"10":{"loc":{"start":{"line":133,"column":16},"end":{"line":137,"column":null}},"type":"if","locations":[{"start":{"line":133,"column":16},"end":{"line":137,"column":null}},{"start":{"line":133,"column":16},"end":{"line":137,"column":null}}]},"11":{"loc":{"start":{"line":146,"column":16},"end":{"line":150,"column":null}},"type":"if","locations":[{"start":{"line":146,"column":16},"end":{"line":150,"column":null}},{"start":{"line":146,"column":16},"end":{"line":150,"column":null}}]},"12":{"loc":{"start":{"line":179,"column":10},"end":{"line":185,"column":null}},"type":"if","locations":[{"start":{"line":179,"column":10},"end":{"line":185,"column":null}},{"start":{"line":179,"column":10},"end":{"line":185,"column":null}}]},"13":{"loc":{"start":{"line":187,"column":10},"end":{"line":208,"column":null}},"type":"if","locations":[{"start":{"line":187,"column":10},"end":{"line":208,"column":null}},{"start":{"line":187,"column":10},"end":{"line":208,"column":null}}]},"14":{"loc":{"start":{"line":189,"column":14},"end":{"line":191,"column":null}},"type":"if","locations":[{"start":{"line":189,"column":14},"end":{"line":191,"column":null}},{"start":{"line":189,"column":14},"end":{"line":191,"column":null}}]},"15":{"loc":{"start":{"line":192,"column":14},"end":{"line":196,"column":null}},"type":"if","locations":[{"start":{"line":192,"column":14},"end":{"line":196,"column":null}},{"start":{"line":192,"column":14},"end":{"line":196,"column":null}}]},"16":{"loc":{"start":{"line":197,"column":14},"end":{"line":201,"column":null}},"type":"if","locations":[{"start":{"line":197,"column":14},"end":{"line":201,"column":null}},{"start":{"line":197,"column":14},"end":{"line":201,"column":null}}]},"17":{"loc":{"start":{"line":230,"column":4},"end":{"line":248,"column":null}},"type":"if","locations":[{"start":{"line":230,"column":4},"end":{"line":248,"column":null}},{"start":{"line":230,"column":4},"end":{"line":248,"column":null}}]},"18":{"loc":{"start":{"line":236,"column":11},"end":{"line":248,"column":null}},"type":"if","locations":[{"start":{"line":236,"column":11},"end":{"line":248,"column":null}},{"start":{"line":236,"column":11},"end":{"line":248,"column":null}}]},"19":{"loc":{"start":{"line":242,"column":11},"end":{"line":248,"column":null}},"type":"if","locations":[{"start":{"line":242,"column":11},"end":{"line":248,"column":null}},{"start":{"line":242,"column":11},"end":{"line":248,"column":null}}]},"20":{"loc":{"start":{"line":262,"column":6},"end":{"line":289,"column":null}},"type":"if","locations":[{"start":{"line":262,"column":6},"end":{"line":289,"column":null}},{"start":{"line":262,"column":6},"end":{"line":289,"column":null}}]},"21":{"loc":{"start":{"line":271,"column":13},"end":{"line":289,"column":null}},"type":"if","locations":[{"start":{"line":271,"column":13},"end":{"line":289,"column":null}},{"start":{"line":271,"column":13},"end":{"line":289,"column":null}}]},"22":{"loc":{"start":{"line":280,"column":13},"end":{"line":289,"column":null}},"type":"if","locations":[{"start":{"line":280,"column":13},"end":{"line":289,"column":null}},{"start":{"line":280,"column":13},"end":{"line":289,"column":null}}]}},"s":{"0":4,"1":4,"2":4,"3":4,"4":4,"5":4,"6":4,"7":4,"8":4,"9":4,"10":0,"11":0,"12":0,"13":0,"14":0,"15":0,"16":0,"17":0,"18":0,"19":0,"20":0,"21":0,"22":0,"23":0,"24":0,"25":0,"26":0,"27":4,"28":3,"29":3,"30":1,"31":1,"32":0,"33":1,"34":0,"35":1,"36":2,"37":4,"38":0,"39":0,"40":0,"41":0,"42":0,"43":0,"44":0,"45":0,"46":0,"47":0,"48":0,"49":0,"50":0,"51":0,"52":0,"53":0,"54":0,"55":0,"56":0,"57":0,"58":4,"59":0,"60":0,"61":0,"62":0,"63":0,"64":0,"65":0,"66":0,"67":0,"68":0,"69":0,"70":0,"71":0,"72":0,"73":0,"74":4,"75":1,"76":0,"77":0,"78":1,"79":1,"80":1,"81":0,"82":0,"83":0,"84":4,"85":0,"86":0,"87":0,"88":0,"89":0,"90":0,"91":0,"92":0,"93":0,"94":0,"95":0,"96":0,"97":0,"98":0,"99":0},"f":{"0":4,"1":0,"2":3,"3":0,"4":0,"5":0,"6":0,"7":0,"8":0,"9":1,"10":0,"11":0,"12":0,"13":0,"14":0,"15":0,"16":0},"b":{"0":[0,0],"1":[0,0],"2":[0,0],"3":[0,0],"4":[1,2],"5":[0,1],"6":[0,1],"7":[0,0],"8":[0,0],"9":[0,0],"10":[0,0],"11":[0,0],"12":[0,0],"13":[0,0],"14":[0,0],"15":[0,0],"16":[0,0],"17":[0,1],"18":[1,0],"19":[0,0],"20":[0,0],"21":[0,0],"22":[0,0]}}
,"C:\\Users\\Dustin\\Code\\School\\Dandle-Backend\\src\\models\\organization.ts": {"path":"C:\\Users\\Dustin\\Code\\School\\Dandle-Backend\\src\\models\\organization.ts","statementMap":{"0":{"start":{"line":1,"column":0},"end":{"line":1,"column":32}},"1":{"start":{"line":3,"column":22},"end":{"line":8,"column":2}},"2":{"start":{"line":15,"column":23},"end":{"line":19,"column":2}},"3":{"start":{"line":28,"column":19},"end":{"line":33,"column":2}},"4":{"start":{"line":41,"column":22},"end":{"line":45,"column":2}},"5":{"start":{"line":63,"column":18},"end":{"line":79,"column":2}},"6":{"start":{"line":82,"column":43},"end":{"line":84,"column":null}},"7":{"start":{"line":86,"column":0},"end":{"line":86,"column":28}}},"fnMap":{},"branchMap":{},"s":{"0":4,"1":4,"2":4,"3":4,"4":4,"5":4,"6":4,"7":4},"f":{},"b":{}}
,"C:\\Users\\Dustin\\Code\\School\\Dandle-Backend\\src\\models\\staff.ts": {"path":"C:\\Users\\Dustin\\Code\\School\\Dandle-Backend\\src\\models\\staff.ts","statementMap":{"0":{"start":{"line":1,"column":0},"end":{"line":1,"column":32}},"1":{"start":{"line":9,"column":13},"end":{"line":22,"column":3}},"2":{"start":{"line":35,"column":13},"end":{"line":49,"column":3}},"3":{"start":{"line":52,"column":14},"end":{"line":52,"column":58}},"4":{"start":{"line":53,"column":0},"end":{"line":53,"column":21}}},"fnMap":{},"branchMap":{},"s":{"0":4,"1":4,"2":4,"3":4,"4":4},"f":{},"b":{}}
,"C:\\Users\\Dustin\\Code\\School\\Dandle-Backend\\src\\models\\user.ts": {"path":"C:\\Users\\Dustin\\Code\\School\\Dandle-Backend\\src\\models\\user.ts","statementMap":{"0":{"start":{"line":1,"column":0},"end":{"line":1,"column":32}},"1":{"start":{"line":11,"column":13},"end":{"line":24,"column":3}},"2":{"start":{"line":27,"column":13},"end":{"line":27,"column":54}},"3":{"start":{"line":28,"column":0},"end":{"line":28,"column":20}}},"fnMap":{},"branchMap":{},"s":{"0":4,"1":4,"2":4,"3":4},"f":{},"b":{}}
,"C:\\Users\\Dustin\\Code\\School\\Dandle-Backend\\src\\routes\\index.ts": {"path":"C:\\Users\\Dustin\\Code\\School\\Dandle-Backend\\src\\routes\\index.ts","statementMap":{"0":{"start":{"line":1,"column":0},"end":{"line":1,"column":53}},"1":{"start":{"line":4,"column":20},"end":{"line":4,"column":36}},"2":{"start":{"line":7,"column":0},"end":{"line":11,"column":3}},"3":{"start":{"line":8,"column":2},"end":{"line":10,"column":5}},"4":{"start":{"line":13,"column":0},"end":{"line":13,"column":27}}},"fnMap":{"0":{"name":"(anonymous_1)","decl":{"start":{"line":7,"column":21},"end":{"line":7,"column":26}},"loc":{"start":{"line":7,"column":59},"end":{"line":11,"column":1}}}},"branchMap":{},"s":{"0":4,"1":4,"2":4,"3":1,"4":4},"f":{"0":1},"b":{}}
,"C:\\Users\\Dustin\\Code\\School\\Dandle-Backend\\src\\routes\\requests\\info.ts": {"path":"C:\\Users\\Dustin\\Code\\School\\Dandle-Backend\\src\\routes\\requests\\info.ts","statementMap":{"0":{"start":{"line":1,"column":0},"end":{"line":1,"column":53}},"1":{"start":{"line":2,"column":0},"end":{"line":2,"column":60}},"2":{"start":{"line":3,"column":0},"end":{"line":3,"column":39}},"3":{"start":{"line":4,"column":0},"end":{"line":4,"column":38}},"4":{"start":{"line":6,"column":15},"end":{"line":6,"column":31}},"5":{"start":{"line":10,"column":26},"end":{"line":54,"column":4}},"6":{"start":{"line":17,"column":19},"end":{"line":17,"column":40}},"7":{"start":{"line":18,"column":4},"end":{"line":21,"column":null}},"8":{"start":{"line":19,"column":6},"end":{"line":19,"column":35}},"9":{"start":{"line":20,"column":6},"end":{"line":20,"column":62}},"10":{"start":{"line":23,"column":4},"end":{"line":23,"column":35}},"11":{"start":{"line":24,"column":4},"end":{"line":24,"column":30}},"12":{"start":{"line":25,"column":18},"end":{"line":25,"column":30}},"13":{"start":{"line":27,"column":4},"end":{"line":27,"column":33}},"14":{"start":{"line":28,"column":4},"end":{"line":37,"column":null}},"15":{"start":{"line":29,"column":20},"end":{"line":29,"column":50}},"16":{"start":{"line":30,"column":6},"end":{"line":30,"column":25}},"17":{"start":{"line":31,"column":23},"end":{"line":31,"column":44}},"18":{"start":{"line":32,"column":6},"end":{"line":34,"column":9}},"19":{"start":{"line":36,"column":6},"end":{"line":36,"column":39}},"20":{"start":{"line":56,"column":0},"end":{"line":56,"column":33}}},"fnMap":{"0":{"name":"(anonymous_1)","decl":{"start":{"line":15,"column":2},"end":{"line":15,"column":7}},"loc":{"start":{"line":15,"column":44},"end":{"line":54,"column":3}}}},"branchMap":{"0":{"loc":{"start":{"line":18,"column":4},"end":{"line":21,"column":null}},"type":"if","locations":[{"start":{"line":18,"column":4},"end":{"line":21,"column":null}},{"start":{"line":18,"column":4},"end":{"line":21,"column":null}}]}},"s":{"0":4,"1":4,"2":4,"3":4,"4":4,"5":4,"6":0,"7":0,"8":0,"9":0,"10":0,"11":0,"12":0,"13":0,"14":0,"15":0,"16":0,"17":0,"18":0,"19":0,"20":4},"f":{"0":0},"b":{"0":[0,0]}}
,"C:\\Users\\Dustin\\Code\\School\\Dandle-Backend\\src\\routes\\requests\\requestRouter.ts": {"path":"C:\\Users\\Dustin\\Code\\School\\Dandle-Backend\\src\\routes\\requests\\requestRouter.ts","statementMap":{"0":{"start":{"line":1,"column":0},"end":{"line":1,"column":30}},"1":{"start":{"line":2,"column":0},"end":{"line":2,"column":39}},"2":{"start":{"line":4,"column":22},"end":{"line":4,"column":38}},"3":{"start":{"line":6,"column":0},"end":{"line":6,"column":46}},"4":{"start":{"line":8,"column":0},"end":{"line":8,"column":29}}},"fnMap":{},"branchMap":{},"s":{"0":4,"1":4,"2":4,"3":4,"4":4},"f":{},"b":{}}
,"C:\\Users\\Dustin\\Code\\School\\Dandle-Backend\\src\\routes\\signin\\org.ts": {"path":"C:\\Users\\Dustin\\Code\\School\\Dandle-Backend\\src\\routes\\signin\\org.ts","statementMap":{"0":{"start":{"line":1,"column":0},"end":{"line":1,"column":67}},"1":{"start":{"line":2,"column":0},"end":{"line":2,"column":47}},"2":{"start":{"line":3,"column":0},"end":{"line":3,"column":32}},"3":{"start":{"line":4,"column":0},"end":{"line":4,"column":47}},"4":{"start":{"line":5,"column":0},"end":{"line":5,"column":39}},"5":{"start":{"line":6,"column":0},"end":{"line":6,"column":63}},"6":{"start":{"line":8,"column":24},"end":{"line":8,"column":40}},"7":{"start":{"line":14,"column":0},"end":{"line":113,"column":2}},"8":{"start":{"line":46,"column":19},"end":{"line":46,"column":50}},"9":{"start":{"line":47,"column":4},"end":{"line":51,"column":null}},"10":{"start":{"line":48,"column":6},"end":{"line":50,"column":9}},"11":{"start":{"line":52,"column":4},"end":{"line":52,"column":18}},"12":{"start":{"line":58,"column":4},"end":{"line":71,"column":null}},"13":{"start":{"line":59,"column":6},"end":{"line":59,"column":47}},"14":{"start":{"line":60,"column":6},"end":{"line":60,"column":46}},"15":{"start":{"line":62,"column":11},"end":{"line":71,"column":null}},"16":{"start":{"line":63,"column":6},"end":{"line":63,"column":44}},"17":{"start":{"line":64,"column":6},"end":{"line":64,"column":43}},"18":{"start":{"line":68,"column":6},"end":{"line":70,"column":9}},"19":{"start":{"line":75,"column":4},"end":{"line":82,"column":null}},"20":{"start":{"line":76,"column":6},"end":{"line":76,"column":75}},"21":{"start":{"line":78,"column":6},"end":{"line":78,"column":22}},"22":{"start":{"line":79,"column":6},"end":{"line":81,"column":9}},"23":{"start":{"line":84,"column":16},"end":{"line":86,"column":6}},"24":{"start":{"line":88,"column":4},"end":{"line":92,"column":null}},"25":{"start":{"line":89,"column":6},"end":{"line":91,"column":9}},"26":{"start":{"line":93,"column":4},"end":{"line":97,"column":null}},"27":{"start":{"line":94,"column":6},"end":{"line":96,"column":9}},"28":{"start":{"line":99,"column":21},"end":{"line":106,"column":null}},"29":{"start":{"line":109,"column":4},"end":{"line":111,"column":7}},"30":{"start":{"line":115,"column":0},"end":{"line":193,"column":2}},"31":{"start":{"line":141,"column":19},"end":{"line":141,"column":50}},"32":{"start":{"line":142,"column":4},"end":{"line":146,"column":null}},"33":{"start":{"line":143,"column":6},"end":{"line":145,"column":9}},"34":{"start":{"line":147,"column":4},"end":{"line":147,"column":18}},"35":{"start":{"line":151,"column":4},"end":{"line":155,"column":null}},"36":{"start":{"line":152,"column":6},"end":{"line":154,"column":9}},"37":{"start":{"line":156,"column":17},"end":{"line":156,"column":33}},"38":{"start":{"line":157,"column":4},"end":{"line":161,"column":null}},"39":{"start":{"line":158,"column":6},"end":{"line":160,"column":9}},"40":{"start":{"line":162,"column":18},"end":{"line":170,"column":null}},"41":{"start":{"line":172,"column":25},"end":{"line":179,"column":null}},"42":{"start":{"line":181,"column":4},"end":{"line":185,"column":7}},"43":{"start":{"line":186,"column":4},"end":{"line":191,"column":7}},"44":{"start":{"line":195,"column":0},"end":{"line":195,"column":31}}},"fnMap":{"0":{"name":"(anonymous_7)","decl":{"start":{"line":41,"column":2},"end":{"line":41,"column":7}},"loc":{"start":{"line":45,"column":32},"end":{"line":53,"column":3}}},"1":{"name":"(anonymous_8)","decl":{"start":{"line":54,"column":2},"end":{"line":54,"column":7}},"loc":{"start":{"line":54,"column":66},"end":{"line":112,"column":3}}},"2":{"name":"(anonymous_9)","decl":{"start":{"line":136,"column":2},"end":{"line":136,"column":7}},"loc":{"start":{"line":140,"column":32},"end":{"line":148,"column":3}}},"3":{"name":"(anonymous_10)","decl":{"start":{"line":150,"column":2},"end":{"line":150,"column":7}},"loc":{"start":{"line":150,"column":66},"end":{"line":192,"column":3}}}},"branchMap":{"0":{"loc":{"start":{"line":47,"column":4},"end":{"line":51,"column":null}},"type":"if","locations":[{"start":{"line":47,"column":4},"end":{"line":51,"column":null}},{"start":{"line":47,"column":4},"end":{"line":51,"column":null}}]},"1":{"loc":{"start":{"line":58,"column":4},"end":{"line":71,"column":null}},"type":"if","locations":[{"start":{"line":58,"column":4},"end":{"line":71,"column":null}},{"start":{"line":58,"column":4},"end":{"line":71,"column":null}}]},"2":{"loc":{"start":{"line":62,"column":11},"end":{"line":71,"column":null}},"type":"if","locations":[{"start":{"line":62,"column":11},"end":{"line":71,"column":null}},{"start":{"line":62,"column":11},"end":{"line":71,"column":null}}]},"3":{"loc":{"start":{"line":88,"column":4},"end":{"line":92,"column":null}},"type":"if","locations":[{"start":{"line":88,"column":4},"end":{"line":92,"column":null}},{"start":{"line":88,"column":4},"end":{"line":92,"column":null}}]},"4":{"loc":{"start":{"line":93,"column":4},"end":{"line":97,"column":null}},"type":"if","locations":[{"start":{"line":93,"column":4},"end":{"line":97,"column":null}},{"start":{"line":93,"column":4},"end":{"line":97,"column":null}}]},"5":{"loc":{"start":{"line":142,"column":4},"end":{"line":146,"column":null}},"type":"if","locations":[{"start":{"line":142,"column":4},"end":{"line":146,"column":null}},{"start":{"line":142,"column":4},"end":{"line":146,"column":null}}]},"6":{"loc":{"start":{"line":151,"column":4},"end":{"line":155,"column":null}},"type":"if","locations":[{"start":{"line":151,"column":4},"end":{"line":155,"column":null}},{"start":{"line":151,"column":4},"end":{"line":155,"column":null}}]},"7":{"loc":{"start":{"line":157,"column":4},"end":{"line":161,"column":null}},"type":"if","locations":[{"start":{"line":157,"column":4},"end":{"line":161,"column":null}},{"start":{"line":157,"column":4},"end":{"line":161,"column":null}}]}},"s":{"0":4,"1":4,"2":4,"3":4,"4":4,"5":4,"6":4,"7":4,"8":0,"9":0,"10":0,"11":0,"12":0,"13":0,"14":0,"15":0,"16":0,"17":0,"18":0,"19":0,"20":0,"21":0,"22":0,"23":0,"24":0,"25":0,"26":0,"27":0,"28":0,"29":0,"30":4,"31":0,"32":0,"33":0,"34":0,"35":0,"36":0,"37":0,"38":0,"39":0,"40":0,"41":0,"42":0,"43":0,"44":4},"f":{"0":0,"1":0,"2":0,"3":0},"b":{"0":[0,0],"1":[0,0],"2":[0,0],"3":[0,0],"4":[0,0],"5":[0,0],"6":[0,0],"7":[0,0]}}
,"C:\\Users\\Dustin\\Code\\School\\Dandle-Backend\\src\\routes\\signin\\signInRouter.ts": {"path":"C:\\Users\\Dustin\\Code\\School\\Dandle-Backend\\src\\routes\\signin\\signInRouter.ts","statementMap":{"0":{"start":{"line":1,"column":0},"end":{"line":1,"column":30}},"1":{"start":{"line":2,"column":0},"end":{"line":2,"column":40}},"2":{"start":{"line":3,"column":0},"end":{"line":3,"column":36}},"3":{"start":{"line":5,"column":21},"end":{"line":5,"column":37}},"4":{"start":{"line":7,"column":0},"end":{"line":7,"column":46}},"5":{"start":{"line":8,"column":0},"end":{"line":8,"column":42}},"6":{"start":{"line":10,"column":0},"end":{"line":10,"column":28}}},"fnMap":{},"branchMap":{},"s":{"0":4,"1":4,"2":4,"3":4,"4":4,"5":4,"6":4},"f":{},"b":{}}
,"C:\\Users\\Dustin\\Code\\School\\Dandle-Backend\\src\\routes\\signin\\staff.ts": {"path":"C:\\Users\\Dustin\\Code\\School\\Dandle-Backend\\src\\routes\\signin\\staff.ts","statementMap":{"0":{"start":{"line":1,"column":0},"end":{"line":1,"column":67}},"1":{"start":{"line":2,"column":0},"end":{"line":2,"column":47}},"2":{"start":{"line":3,"column":0},"end":{"line":3,"column":32}},"3":{"start":{"line":4,"column":0},"end":{"line":4,"column":47}},"4":{"start":{"line":5,"column":0},"end":{"line":5,"column":39}},"5":{"start":{"line":6,"column":0},"end":{"line":6,"column":51}},"6":{"start":{"line":8,"column":26},"end":{"line":8,"column":42}},"7":{"start":{"line":14,"column":0},"end":{"line":114,"column":2}},"8":{"start":{"line":42,"column":19},"end":{"line":42,"column":50}},"9":{"start":{"line":43,"column":4},"end":{"line":47,"column":null}},"10":{"start":{"line":44,"column":6},"end":{"line":46,"column":9}},"11":{"start":{"line":48,"column":4},"end":{"line":48,"column":18}},"12":{"start":{"line":54,"column":4},"end":{"line":67,"column":null}},"13":{"start":{"line":55,"column":6},"end":{"line":55,"column":47}},"14":{"start":{"line":56,"column":6},"end":{"line":56,"column":46}},"15":{"start":{"line":58,"column":11},"end":{"line":67,"column":null}},"16":{"start":{"line":59,"column":6},"end":{"line":59,"column":44}},"17":{"start":{"line":60,"column":6},"end":{"line":60,"column":43}},"18":{"start":{"line":64,"column":6},"end":{"line":66,"column":9}},"19":{"start":{"line":71,"column":4},"end":{"line":78,"column":null}},"20":{"start":{"line":72,"column":6},"end":{"line":72,"column":75}},"21":{"start":{"line":74,"column":6},"end":{"line":74,"column":22}},"22":{"start":{"line":75,"column":6},"end":{"line":77,"column":9}},"23":{"start":{"line":81,"column":17},"end":{"line":81,"column":68}},"24":{"start":{"line":84,"column":4},"end":{"line":88,"column":null}},"25":{"start":{"line":85,"column":6},"end":{"line":87,"column":9}},"26":{"start":{"line":90,"column":4},"end":{"line":94,"column":null}},"27":{"start":{"line":91,"column":6},"end":{"line":93,"column":9}},"28":{"start":{"line":97,"column":21},"end":{"line":106,"column":null}},"29":{"start":{"line":110,"column":4},"end":{"line":112,"column":7}},"30":{"start":{"line":116,"column":0},"end":{"line":198,"column":2}},"31":{"start":{"line":142,"column":19},"end":{"line":142,"column":50}},"32":{"start":{"line":143,"column":4},"end":{"line":147,"column":null}},"33":{"start":{"line":144,"column":6},"end":{"line":146,"column":9}},"34":{"start":{"line":148,"column":4},"end":{"line":148,"column":18}},"35":{"start":{"line":152,"column":4},"end":{"line":156,"column":null}},"36":{"start":{"line":153,"column":6},"end":{"line":155,"column":9}},"37":{"start":{"line":157,"column":17},"end":{"line":157,"column":35}},"38":{"start":{"line":158,"column":4},"end":{"line":162,"column":null}},"39":{"start":{"line":159,"column":6},"end":{"line":161,"column":9}},"40":{"start":{"line":163,"column":18},"end":{"line":173,"column":null}},"41":{"start":{"line":176,"column":25},"end":{"line":183,"column":null}},"42":{"start":{"line":185,"column":4},"end":{"line":189,"column":7}},"43":{"start":{"line":191,"column":4},"end":{"line":196,"column":7}},"44":{"start":{"line":200,"column":0},"end":{"line":200,"column":33}}},"fnMap":{"0":{"name":"(anonymous_7)","decl":{"start":{"line":41,"column":2},"end":{"line":41,"column":7}},"loc":{"start":{"line":41,"column":86},"end":{"line":49,"column":3}}},"1":{"name":"(anonymous_8)","decl":{"start":{"line":50,"column":2},"end":{"line":50,"column":7}},"loc":{"start":{"line":50,"column":66},"end":{"line":113,"column":3}}},"2":{"name":"(anonymous_9)","decl":{"start":{"line":137,"column":2},"end":{"line":137,"column":7}},"loc":{"start":{"line":141,"column":32},"end":{"line":149,"column":3}}},"3":{"name":"(anonymous_10)","decl":{"start":{"line":151,"column":2},"end":{"line":151,"column":7}},"loc":{"start":{"line":151,"column":66},"end":{"line":197,"column":3}}}},"branchMap":{"0":{"loc":{"start":{"line":43,"column":4},"end":{"line":47,"column":null}},"type":"if","locations":[{"start":{"line":43,"column":4},"end":{"line":47,"column":null}},{"start":{"line":43,"column":4},"end":{"line":47,"column":null}}]},"1":{"loc":{"start":{"line":54,"column":4},"end":{"line":67,"column":null}},"type":"if","locations":[{"start":{"line":54,"column":4},"end":{"line":67,"column":null}},{"start":{"line":54,"column":4},"end":{"line":67,"column":null}}]},"2":{"loc":{"start":{"line":58,"column":11},"end":{"line":67,"column":null}},"type":"if","locations":[{"start":{"line":58,"column":11},"end":{"line":67,"column":null}},{"start":{"line":58,"column":11},"end":{"line":67,"column":null}}]},"3":{"loc":{"start":{"line":84,"column":4},"end":{"line":88,"column":null}},"type":"if","locations":[{"start":{"line":84,"column":4},"end":{"line":88,"column":null}},{"start":{"line":84,"column":4},"end":{"line":88,"column":null}}]},"4":{"loc":{"start":{"line":90,"column":4},"end":{"line":94,"column":null}},"type":"if","locations":[{"start":{"line":90,"column":4},"end":{"line":94,"column":null}},{"start":{"line":90,"column":4},"end":{"line":94,"column":null}}]},"5":{"loc":{"start":{"line":143,"column":4},"end":{"line":147,"column":null}},"type":"if","locations":[{"start":{"line":143,"column":4},"end":{"line":147,"column":null}},{"start":{"line":143,"column":4},"end":{"line":147,"column":null}}]},"6":{"loc":{"start":{"line":152,"column":4},"end":{"line":156,"column":null}},"type":"if","locations":[{"start":{"line":152,"column":4},"end":{"line":156,"column":null}},{"start":{"line":152,"column":4},"end":{"line":156,"column":null}}]},"7":{"loc":{"start":{"line":158,"column":4},"end":{"line":162,"column":null}},"type":"if","locations":[{"start":{"line":158,"column":4},"end":{"line":162,"column":null}},{"start":{"line":158,"column":4},"end":{"line":162,"column":null}}]}},"s":{"0":4,"1":4,"2":4,"3":4,"4":4,"5":4,"6":4,"7":4,"8":0,"9":0,"10":0,"11":0,"12":0,"13":0,"14":0,"15":0,"16":0,"17":0,"18":0,"19":0,"20":0,"21":0,"22":0,"23":0,"24":0,"25":0,"26":0,"27":0,"28":0,"29":0,"30":4,"31":7,"32":7,"33":4,"34":3,"35":1,"36":0,"37":1,"38":1,"39":0,"40":1,"41":1,"42":1,"43":1,"44":4},"f":{"0":0,"1":0,"2":7,"3":1},"b":{"0":[0,0],"1":[0,0],"2":[0,0],"3":[0,0],"4":[0,0],"5":[4,3],"6":[0,1],"7":[0,1]}}
,"C:\\Users\\Dustin\\Code\\School\\Dandle-Backend\\src\\routes\\signup\\org.ts": {"path":"C:\\Users\\Dustin\\Code\\School\\Dandle-Backend\\src\\routes\\signup\\org.ts","statementMap":{"0":{"start":{"line":1,"column":0},"end":{"line":1,"column":67}},"1":{"start":{"line":2,"column":0},"end":{"line":2,"column":28}},"2":{"start":{"line":3,"column":0},"end":{"line":3,"column":47}},"3":{"start":{"line":4,"column":0},"end":{"line":4,"column":53}},"4":{"start":{"line":5,"column":0},"end":{"line":5,"column":39}},"5":{"start":{"line":7,"column":15},"end":{"line":7,"column":31}},"6":{"start":{"line":10,"column":24},"end":{"line":41,"column":4}},"7":{"start":{"line":12,"column":19},"end":{"line":12,"column":50}},"8":{"start":{"line":13,"column":4},"end":{"line":18,"column":null}},"9":{"start":{"line":14,"column":6},"end":{"line":14,"column":27}},"10":{"start":{"line":15,"column":6},"end":{"line":17,"column":9}},"11":{"start":{"line":19,"column":4},"end":{"line":19,"column":18}},"12":{"start":{"line":22,"column":4},"end":{"line":22,"column":29}},"13":{"start":{"line":23,"column":38},"end":{"line":23,"column":76}},"14":{"start":{"line":24,"column":16},"end":{"line":29,"column":6}},"15":{"start":{"line":30,"column":4},"end":{"line":40,"column":null}},"16":{"start":{"line":31,"column":19},"end":{"line":31,"column":40}},"17":{"start":{"line":32,"column":23},"end":{"line":32,"column":40}},"18":{"start":{"line":33,"column":6},"end":{"line":35,"column":9}},"19":{"start":{"line":37,"column":6},"end":{"line":39,"column":9}},"20":{"start":{"line":43,"column":0},"end":{"line":43,"column":31}}},"fnMap":{"0":{"name":"(anonymous_7)","decl":{"start":{"line":11,"column":2},"end":{"line":11,"column":7}},"loc":{"start":{"line":11,"column":86},"end":{"line":20,"column":3}}},"1":{"name":"(anonymous_8)","decl":{"start":{"line":21,"column":2},"end":{"line":21,"column":7}},"loc":{"start":{"line":21,"column":36},"end":{"line":41,"column":3}}}},"branchMap":{"0":{"loc":{"start":{"line":13,"column":4},"end":{"line":18,"column":null}},"type":"if","locations":[{"start":{"line":13,"column":4},"end":{"line":18,"column":null}},{"start":{"line":13,"column":4},"end":{"line":18,"column":null}}]}},"s":{"0":4,"1":4,"2":4,"3":4,"4":4,"5":4,"6":4,"7":2,"8":2,"9":0,"10":0,"11":2,"12":2,"13":2,"14":2,"15":2,"16":2,"17":2,"18":0,"19":2,"20":4},"f":{"0":2,"1":2},"b":{"0":[0,2]}}
,"C:\\Users\\Dustin\\Code\\School\\Dandle-Backend\\src\\routes\\signup\\signUpRouter.ts": {"path":"C:\\Users\\Dustin\\Code\\School\\Dandle-Backend\\src\\routes\\signup\\signUpRouter.ts","statementMap":{"0":{"start":{"line":1,"column":0},"end":{"line":1,"column":30}},"1":{"start":{"line":3,"column":0},"end":{"line":3,"column":36}},"2":{"start":{"line":4,"column":0},"end":{"line":4,"column":40}},"3":{"start":{"line":6,"column":21},"end":{"line":6,"column":37}},"4":{"start":{"line":8,"column":0},"end":{"line":8,"column":42}},"5":{"start":{"line":9,"column":0},"end":{"line":9,"column":46}},"6":{"start":{"line":11,"column":0},"end":{"line":11,"column":28}}},"fnMap":{},"branchMap":{},"s":{"0":4,"1":4,"2":4,"3":4,"4":4,"5":4,"6":4},"f":{},"b":{}}
,"C:\\Users\\Dustin\\Code\\School\\Dandle-Backend\\src\\routes\\signup\\staff.ts": {"path":"C:\\Users\\Dustin\\Code\\School\\Dandle-Backend\\src\\routes\\signup\\staff.ts","statementMap":{"0":{"start":{"line":4,"column":0},"end":{"line":4,"column":67}},"1":{"start":{"line":5,"column":0},"end":{"line":5,"column":28}},"2":{"start":{"line":6,"column":0},"end":{"line":6,"column":47}},"3":{"start":{"line":7,"column":0},"end":{"line":7,"column":39}},"4":{"start":{"line":9,"column":26},"end":{"line":9,"column":42}},"5":{"start":{"line":11,"column":0},"end":{"line":66,"column":5}},"6":{"start":{"line":32,"column":19},"end":{"line":32,"column":50}},"7":{"start":{"line":33,"column":4},"end":{"line":37,"column":null}},"8":{"start":{"line":34,"column":6},"end":{"line":36,"column":9}},"9":{"start":{"line":38,"column":4},"end":{"line":38,"column":18}},"10":{"start":{"line":41,"column":4},"end":{"line":65,"column":null}},"11":{"start":{"line":42,"column":20},"end":{"line":42,"column":74}},"12":{"start":{"line":43,"column":6},"end":{"line":60,"column":null}},"13":{"start":{"line":44,"column":39},"end":{"line":44,"column":72}},"14":{"start":{"line":45,"column":20},"end":{"line":50,"column":10}},"15":{"start":{"line":51,"column":21},"end":{"line":51,"column":35}},"16":{"start":{"line":52,"column":8},"end":{"line":52,"column":26}},"17":{"start":{"line":53,"column":8},"end":{"line":55,"column":11}},"18":{"start":{"line":57,"column":8},"end":{"line":59,"column":11}},"19":{"start":{"line":62,"column":6},"end":{"line":64,"column":9}},"20":{"start":{"line":68,"column":0},"end":{"line":68,"column":33}}},"fnMap":{"0":{"name":"(anonymous_7)","decl":{"start":{"line":31,"column":2},"end":{"line":31,"column":7}},"loc":{"start":{"line":31,"column":86},"end":{"line":39,"column":3}}},"1":{"name":"(anonymous_8)","decl":{"start":{"line":40,"column":2},"end":{"line":40,"column":7}},"loc":{"start":{"line":40,"column":36},"end":{"line":66,"column":3}}}},"branchMap":{"0":{"loc":{"start":{"line":33,"column":4},"end":{"line":37,"column":null}},"type":"if","locations":[{"start":{"line":33,"column":4},"end":{"line":37,"column":null}},{"start":{"line":33,"column":4},"end":{"line":37,"column":null}}]},"1":{"loc":{"start":{"line":43,"column":6},"end":{"line":60,"column":null}},"type":"if","locations":[{"start":{"line":43,"column":6},"end":{"line":60,"column":null}},{"start":{"line":43,"column":6},"end":{"line":60,"column":null}}]}},"s":{"0":4,"1":4,"2":4,"3":4,"4":4,"5":4,"6":0,"7":0,"8":0,"9":0,"10":0,"11":0,"12":0,"13":0,"14":0,"15":0,"16":0,"17":0,"18":0,"19":0,"20":4},"f":{"0":0,"1":0},"b":{"0":[0,0],"1":[0,0]}}
,"C:\\Users\\Dustin\\Code\\School\\Dandle-Backend\\src\\routes\\test\\db.ts": {"path":"C:\\Users\\Dustin\\Code\\School\\Dandle-Backend\\src\\routes\\test\\db.ts","statementMap":{"0":{"start":{"line":1,"column":0},"end":{"line":1,"column":53}},"1":{"start":{"line":2,"column":0},"end":{"line":2,"column":53}},"2":{"start":{"line":4,"column":15},"end":{"line":4,"column":31}},"3":{"start":{"line":7,"column":11},"end":{"line":13,"column":3}},"4":{"start":{"line":8,"column":15},"end":{"line":8,"column":49}},"5":{"start":{"line":9,"column":19},"end":{"line":9,"column":36}},"6":{"start":{"line":10,"column":2},"end":{"line":12,"column":5}}},"fnMap":{"0":{"name":"(anonymous_1)","decl":{"start":{"line":7,"column":42},"end":{"line":7,"column":47}},"loc":{"start":{"line":7,"column":80},"end":{"line":13,"column":1}}}},"branchMap":{},"s":{"0":4,"1":4,"2":4,"3":4,"4":0,"5":0,"6":0},"f":{"0":0},"b":{}}
,"C:\\Users\\Dustin\\Code\\School\\Dandle-Backend\\src\\routes\\test\\testRouter.ts": {"path":"C:\\Users\\Dustin\\Code\\School\\Dandle-Backend\\src\\routes\\test\\testRouter.ts","statementMap":{"0":{"start":{"line":1,"column":0},"end":{"line":1,"column":30}},"1":{"start":{"line":2,"column":0},"end":{"line":2,"column":36}},"2":{"start":{"line":4,"column":19},"end":{"line":4,"column":35}},"3":{"start":{"line":6,"column":0},"end":{"line":6,"column":36}},"4":{"start":{"line":8,"column":0},"end":{"line":8,"column":26}}},"fnMap":{},"branchMap":{},"s":{"0":4,"1":4,"2":4,"3":4,"4":4},"f":{},"b":{}}
,"C:\\Users\\Dustin\\Code\\School\\Dandle-Backend\\src\\socketio\\SockIOConf.ts": {"path":"C:\\Users\\Dustin\\Code\\School\\Dandle-Backend\\src\\socketio\\SockIOConf.ts","statementMap":{"0":{"start":{"line":1,"column":0},"end":{"line":1,"column":43}},"1":{"start":{"line":4,"column":0},"end":{"line":4,"column":28}},"2":{"start":{"line":5,"column":0},"end":{"line":5,"column":36}},"3":{"start":{"line":11,"column":15},"end":{"line":11,"column":53}},"4":{"start":{"line":12,"column":2},"end":{"line":12,"column":38}},"5":{"start":{"line":14,"column":13},"end":{"line":14,"column":58}},"6":{"start":{"line":15,"column":2},"end":{"line":32,"column":5}},"7":{"start":{"line":16,"column":4},"end":{"line":16,"column":50}},"8":{"start":{"line":17,"column":4},"end":{"line":31,"column":7}},"9":{"start":{"line":18,"column":6},"end":{"line":18,"column":41}},"10":{"start":{"line":19,"column":6},"end":{"line":19,"column":38}},"11":{"start":{"line":21,"column":6},"end":{"line":27,"column":9}},"12":{"start":{"line":22,"column":8},"end":{"line":26,"column":null}},"13":{"start":{"line":23,"column":10},"end":{"line":23,"column":27}},"14":{"start":{"line":25,"column":10},"end":{"line":25,"column":30}},"15":{"start":{"line":28,"column":6},"end":{"line":28,"column":57}},"16":{"start":{"line":29,"column":6},"end":{"line":29,"column":58}},"17":{"start":{"line":30,"column":6},"end":{"line":30,"column":63}},"18":{"start":{"line":33,"column":2},"end":{"line":33,"column":12}},"19":{"start":{"line":35,"column":0},"end":{"line":35,"column":26}}},"fnMap":{"0":{"name":"socketconf","decl":{"start":{"line":7,"column":15},"end":{"line":7,"column":25}},"loc":{"start":{"line":9,"column":28},"end":{"line":34,"column":1}}},"1":{"name":"(anonymous_2)","decl":{"start":{"line":15,"column":28},"end":{"line":15,"column":29}},"loc":{"start":{"line":15,"column":39},"end":{"line":32,"column":3}}},"2":{"name":"(anonymous_3)","decl":{"start":{"line":17,"column":31},"end":{"line":17,"column":32}},"loc":{"start":{"line":17,"column":42},"end":{"line":31,"column":5}}},"3":{"name":"(anonymous_4)","decl":{"start":{"line":21,"column":28},"end":{"line":21,"column":29}},"loc":{"start":{"line":21,"column":44},"end":{"line":27,"column":7}}},"4":{"name":"(anonymous_5)","decl":{"start":{"line":28,"column":35},"end":{"line":28,"column":36}},"loc":{"start":{"line":28,"column":52},"end":{"line":28,"column":55}}},"5":{"name":"(anonymous_6)","decl":{"start":{"line":29,"column":36},"end":{"line":29,"column":37}},"loc":{"start":{"line":29,"column":53},"end":{"line":29,"column":56}}}},"branchMap":{"0":{"loc":{"start":{"line":22,"column":8},"end":{"line":26,"column":null}},"type":"if","locations":[{"start":{"line":22,"column":8},"end":{"line":26,"column":null}},{"start":{"line":22,"column":8},"end":{"line":26,"column":null}}]}},"s":{"0":4,"1":4,"2":4,"3":4,"4":4,"5":4,"6":4,"7":0,"8":0,"9":0,"10":0,"11":0,"12":0,"13":0,"14":0,"15":0,"16":0,"17":0,"18":4,"19":4},"f":{"0":4,"1":0,"2":0,"3":0,"4":0,"5":0},"b":{"0":[0,0]}}
}
