{"C:\\Users\\Dustin\\Code\\School\\Dandle-Backend\\src\\app.ts": {"path":"C:\\Users\\Dustin\\Code\\School\\Dandle-Backend\\src\\app.ts","statementMap":{"0":{"start":{"line":1,"column":0},"end":{"line":1,"column":30}},"1":{"start":{"line":2,"column":0},"end":{"line":2,"column":28}},"2":{"start":{"line":3,"column":0},"end":{"line":3,"column":32}},"3":{"start":{"line":4,"column":0},"end":{"line":4,"column":28}},"4":{"start":{"line":5,"column":0},"end":{"line":5,"column":28}},"5":{"start":{"line":6,"column":0},"end":{"line":6,"column":38}},"6":{"start":{"line":7,"column":0},"end":{"line":7,"column":41}},"7":{"start":{"line":8,"column":0},"end":{"line":8,"column":32}},"8":{"start":{"line":9,"column":0},"end":{"line":9,"column":28}},"9":{"start":{"line":10,"column":0},"end":{"line":10,"column":30}},"10":{"start":{"line":11,"column":0},"end":{"line":11,"column":45}},"11":{"start":{"line":13,"column":0},"end":{"line":13,"column":34}},"12":{"start":{"line":14,"column":0},"end":{"line":14,"column":35}},"13":{"start":{"line":15,"column":0},"end":{"line":15,"column":35}},"14":{"start":{"line":16,"column":0},"end":{"line":16,"column":50}},"15":{"start":{"line":17,"column":0},"end":{"line":17,"column":56}},"16":{"start":{"line":18,"column":0},"end":{"line":18,"column":56}},"17":{"start":{"line":20,"column":0},"end":{"line":20,"column":60}},"18":{"start":{"line":22,"column":15},"end":{"line":22,"column":23}},"19":{"start":{"line":23,"column":0},"end":{"line":23,"column":16}},"20":{"start":{"line":24,"column":12},"end":{"line":24,"column":21}},"21":{"start":{"line":139,"column":9},"end":{"line":139,"column":12}},"22":{"start":{"line":25,"column":0},"end":{"line":25,"column":52}},"23":{"start":{"line":26,"column":19},"end":{"line":26,"column":40}},"24":{"start":{"line":30,"column":2},"end":{"line":41,"column":null}},"25":{"start":{"line":31,"column":4},"end":{"line":37,"column":null}},"26":{"start":{"line":32,"column":6},"end":{"line":32,"column":54}},"27":{"start":{"line":33,"column":6},"end":{"line":33,"column":42}},"28":{"start":{"line":35,"column":28},"end":{"line":35,"column":45}},"29":{"start":{"line":36,"column":6},"end":{"line":36,"column":66}},"30":{"start":{"line":39,"column":4},"end":{"line":39,"column":59}},"31":{"start":{"line":40,"column":4},"end":{"line":40,"column":20}},"32":{"start":{"line":45,"column":15},"end":{"line":45,"column":36}},"33":{"start":{"line":47,"column":2},"end":{"line":50,"column":null}},"34":{"start":{"line":48,"column":4},"end":{"line":48,"column":33}},"35":{"start":{"line":49,"column":4},"end":{"line":49,"column":20}},"36":{"start":{"line":52,"column":2},"end":{"line":52,"column":14}},"37":{"start":{"line":56,"column":0},"end":{"line":58,"column":3}},"38":{"start":{"line":57,"column":2},"end":{"line":57,"column":50}},"39":{"start":{"line":59,"column":0},"end":{"line":59,"column":18}},"40":{"start":{"line":60,"column":0},"end":{"line":60,"column":24}},"41":{"start":{"line":61,"column":0},"end":{"line":61,"column":48}},"42":{"start":{"line":62,"column":0},"end":{"line":62,"column":23}},"43":{"start":{"line":63,"column":0},"end":{"line":63,"column":34}},"44":{"start":{"line":65,"column":0},"end":{"line":67,"column":null}},"45":{"start":{"line":66,"column":2},"end":{"line":66,"column":70}},"46":{"start":{"line":69,"column":0},"end":{"line":77,"column":2}},"47":{"start":{"line":79,"column":0},"end":{"line":79,"column":31}},"48":{"start":{"line":80,"column":0},"end":{"line":80,"column":28}},"49":{"start":{"line":82,"column":0},"end":{"line":106,"column":2}},"50":{"start":{"line":108,"column":0},"end":{"line":108,"column":43}},"51":{"start":{"line":110,"column":0},"end":{"line":110,"column":26}},"52":{"start":{"line":111,"column":0},"end":{"line":111,"column":29}},"53":{"start":{"line":112,"column":0},"end":{"line":112,"column":33}},"54":{"start":{"line":113,"column":0},"end":{"line":113,"column":33}},"55":{"start":{"line":114,"column":0},"end":{"line":114,"column":36}},"56":{"start":{"line":139,"column":14},"end":{"line":139,"column":20}},"57":{"start":{"line":121,"column":0},"end":{"line":136,"column":null}},"58":{"start":{"line":122,"column":2},"end":{"line":129,"column":5}},"59":{"start":{"line":124,"column":4},"end":{"line":128,"column":null}},"60":{"start":{"line":126,"column":23},"end":{"line":126,"column":39}},"61":{"start":{"line":127,"column":6},"end":{"line":127,"column":57}},"62":{"start":{"line":132,"column":15},"end":{"line":132,"column":56}},"63":{"start":{"line":133,"column":2},"end":{"line":135,"column":5}},"64":{"start":{"line":134,"column":4},"end":{"line":134,"column":50}}},"fnMap":{"0":{"name":"prestart","decl":{"start":{"line":28,"column":15},"end":{"line":28,"column":23}},"loc":{"start":{"line":28,"column":23},"end":{"line":42,"column":1}}},"1":{"name":"normalizePort","decl":{"start":{"line":44,"column":9},"end":{"line":44,"column":22}},"loc":{"start":{"line":44,"column":38},"end":{"line":53,"column":1}}},"2":{"name":"(anonymous_3)","decl":{"start":{"line":56,"column":17},"end":{"line":56,"column":20}},"loc":{"start":{"line":56,"column":22},"end":{"line":58,"column":1}}},"3":{"name":"(anonymous_4)","decl":{"start":{"line":122,"column":25},"end":{"line":122,"column":28}},"loc":{"start":{"line":122,"column":30},"end":{"line":129,"column":3}}},"4":{"name":"(anonymous_5)","decl":{"start":{"line":133,"column":28},"end":{"line":133,"column":31}},"loc":{"start":{"line":133,"column":33},"end":{"line":135,"column":3}}}},"branchMap":{"0":{"loc":{"start":{"line":30,"column":2},"end":{"line":41,"column":null}},"type":"if","locations":[{"start":{"line":30,"column":2},"end":{"line":41,"column":null}},{"start":{"line":30,"column":2},"end":{"line":41,"column":null}}]},"1":{"loc":{"start":{"line":47,"column":2},"end":{"line":50,"column":null}},"type":"if","locations":[{"start":{"line":47,"column":2},"end":{"line":50,"column":null}},{"start":{"line":47,"column":2},"end":{"line":50,"column":null}}]},"2":{"loc":{"start":{"line":47,"column":6},"end":{"line":47,"column":24}},"type":"binary-expr","locations":[{"start":{"line":47,"column":6},"end":{"line":47,"column":24}},{"start":{"line":47,"column":28},"end":{"line":47,"column":37}}]},"3":{"loc":{"start":{"line":65,"column":0},"end":{"line":67,"column":null}},"type":"if","locations":[{"start":{"line":65,"column":0},"end":{"line":67,"column":null}},{"start":{"line":65,"column":0},"end":{"line":67,"column":null}}]},"4":{"loc":{"start":{"line":121,"column":0},"end":{"line":136,"column":null}},"type":"if","locations":[{"start":{"line":121,"column":0},"end":{"line":136,"column":null}},{"start":{"line":121,"column":0},"end":{"line":136,"column":null}}]},"5":{"loc":{"start":{"line":124,"column":4},"end":{"line":128,"column":null}},"type":"if","locations":[{"start":{"line":124,"column":4},"end":{"line":128,"column":null}},{"start":{"line":124,"column":4},"end":{"line":128,"column":null}}]},"6":{"loc":{"start":{"line":132,"column":29},"end":{"line":132,"column":45}},"type":"binary-expr","locations":[{"start":{"line":132,"column":29},"end":{"line":132,"column":45}},{"start":{"line":132,"column":49},"end":{"line":132,"column":55}}]}},"s":{"0":3,"1":3,"2":3,"3":3,"4":3,"5":3,"6":3,"7":3,"8":3,"9":3,"10":3,"11":3,"12":3,"13":3,"14":3,"15":3,"16":3,"17":3,"18":3,"19":3,"20":3,"21":3,"22":3,"23":3,"24":3,"25":3,"26":3,"27":3,"28":0,"29":0,"30":0,"31":0,"32":0,"33":0,"34":0,"35":0,"36":0,"37":3,"38":0,"39":3,"40":3,"41":3,"42":3,"43":3,"44":3,"45":3,"46":3,"47":3,"48":3,"49":3,"50":3,"51":3,"52":3,"53":3,"54":3,"55":3,"56":3,"57":3,"58":3,"59":3,"60":3,"61":3,"62":0,"63":0,"64":0},"f":{"0":3,"1":0,"2":0,"3":3,"4":0},"b":{"0":[3,0],"1":[0,0],"2":[0,0],"3":[3,0],"4":[3,0],"5":[3,0],"6":[0,0]}}
,"C:\\Users\\Dustin\\Code\\School\\Dandle-Backend\\src\\logging.ts": {"path":"C:\\Users\\Dustin\\Code\\School\\Dandle-Backend\\src\\logging.ts","statementMap":{"0":{"start":{"line":1,"column":0},"end":{"line":1,"column":30}},"1":{"start":{"line":3,"column":13},"end":{"line":23,"column":3}}},"fnMap":{},"branchMap":{},"s":{"0":3,"1":3},"f":{},"b":{}}
,"C:\\Users\\Dustin\\Code\\School\\Dandle-Backend\\src\\redis.ts": {"path":"C:\\Users\\Dustin\\Code\\School\\Dandle-Backend\\src\\redis.ts","statementMap":{"0":{"start":{"line":1,"column":0},"end":{"line":1,"column":28}},"1":{"start":{"line":2,"column":0},"end":{"line":2,"column":28}},"2":{"start":{"line":3,"column":0},"end":{"line":3,"column":35}},"3":{"start":{"line":5,"column":0},"end":{"line":5,"column":16}},"4":{"start":{"line":7,"column":20},"end":{"line":42,"column":4}},"5":{"start":{"line":8,"column":28},"end":{"line":8,"column":60}},"6":{"start":{"line":9,"column":28},"end":{"line":9,"column":61}},"7":{"start":{"line":11,"column":2},"end":{"line":15,"column":null}},"8":{"start":{"line":12,"column":4},"end":{"line":12,"column":59}},"9":{"start":{"line":14,"column":4},"end":{"line":14,"column":51}},"10":{"start":{"line":16,"column":2},"end":{"line":20,"column":null}},"11":{"start":{"line":17,"column":4},"end":{"line":17,"column":59}},"12":{"start":{"line":19,"column":4},"end":{"line":19,"column":52}},"13":{"start":{"line":22,"column":2},"end":{"line":24,"column":null}},"14":{"start":{"line":23,"column":4},"end":{"line":23,"column":80}},"15":{"start":{"line":26,"column":22},"end":{"line":26,"column":67}},"16":{"start":{"line":27,"column":2},"end":{"line":36,"column":5}},"17":{"start":{"line":28,"column":24},"end":{"line":28,"column":57}},"18":{"start":{"line":29,"column":4},"end":{"line":35,"column":null}},"19":{"start":{"line":30,"column":6},"end":{"line":32,"column":8}},"20":{"start":{"line":34,"column":6},"end":{"line":34,"column":32}},"21":{"start":{"line":37,"column":2},"end":{"line":39,"column":5}},"22":{"start":{"line":38,"column":4},"end":{"line":38,"column":38}},"23":{"start":{"line":41,"column":2},"end":{"line":41,"column":21}},"24":{"start":{"line":44,"column":0},"end":{"line":44,"column":27}}},"fnMap":{"0":{"name":"(anonymous_1)","decl":{"start":{"line":7,"column":21},"end":{"line":7,"column":24}},"loc":{"start":{"line":7,"column":26},"end":{"line":42,"column":1}}},"1":{"name":"(anonymous_2)","decl":{"start":{"line":27,"column":26},"end":{"line":27,"column":27}},"loc":{"start":{"line":27,"column":39},"end":{"line":36,"column":3}}},"2":{"name":"(anonymous_3)","decl":{"start":{"line":37,"column":26},"end":{"line":37,"column":29}},"loc":{"start":{"line":37,"column":31},"end":{"line":39,"column":3}}}},"branchMap":{"0":{"loc":{"start":{"line":8,"column":28},"end":{"line":8,"column":50}},"type":"binary-expr","locations":[{"start":{"line":8,"column":28},"end":{"line":8,"column":50}},{"start":{"line":8,"column":54},"end":{"line":8,"column":60}}]},"1":{"loc":{"start":{"line":9,"column":28},"end":{"line":9,"column":50}},"type":"binary-expr","locations":[{"start":{"line":9,"column":28},"end":{"line":9,"column":50}},{"start":{"line":9,"column":54},"end":{"line":9,"column":61}}]},"2":{"loc":{"start":{"line":11,"column":2},"end":{"line":15,"column":null}},"type":"if","locations":[{"start":{"line":11,"column":2},"end":{"line":15,"column":null}},{"start":{"line":11,"column":2},"end":{"line":15,"column":null}}]},"3":{"loc":{"start":{"line":16,"column":2},"end":{"line":20,"column":null}},"type":"if","locations":[{"start":{"line":16,"column":2},"end":{"line":20,"column":null}},{"start":{"line":16,"column":2},"end":{"line":20,"column":null}}]},"4":{"loc":{"start":{"line":22,"column":2},"end":{"line":24,"column":null}},"type":"if","locations":[{"start":{"line":22,"column":2},"end":{"line":24,"column":null}},{"start":{"line":22,"column":2},"end":{"line":24,"column":null}}]},"5":{"loc":{"start":{"line":22,"column":6},"end":{"line":22,"column":29}},"type":"binary-expr","locations":[{"start":{"line":22,"column":6},"end":{"line":22,"column":29}},{"start":{"line":22,"column":33},"end":{"line":22,"column":55}}]},"6":{"loc":{"start":{"line":29,"column":4},"end":{"line":35,"column":null}},"type":"if","locations":[{"start":{"line":29,"column":4},"end":{"line":35,"column":null}},{"start":{"line":29,"column":4},"end":{"line":35,"column":null}}]}},"s":{"0":3,"1":3,"2":3,"3":3,"4":3,"5":3,"6":3,"7":3,"8":0,"9":3,"10":3,"11":3,"12":0,"13":3,"14":3,"15":3,"16":3,"17":0,"18":0,"19":0,"20":0,"21":3,"22":3,"23":3,"24":3},"f":{"0":3,"1":0,"2":3},"b":{"0":[3,3],"1":[3,0],"2":[0,3],"3":[3,0],"4":[3,0],"5":[3,0],"6":[0,0]}}
,"C:\\Users\\Dustin\\Code\\School\\Dandle-Backend\\src\\auth\\passportConfig.ts": {"path":"C:\\Users\\Dustin\\Code\\School\\Dandle-Backend\\src\\auth\\passportConfig.ts","statementMap":{"0":{"start":{"line":1,"column":0},"end":{"line":1,"column":43}},"1":{"start":{"line":2,"column":0},"end":{"line":2,"column":67}},"2":{"start":{"line":3,"column":0},"end":{"line":3,"column":28}},"3":{"start":{"line":5,"column":0},"end":{"line":5,"column":48}},"4":{"start":{"line":6,"column":0},"end":{"line":6,"column":60}},"5":{"start":{"line":7,"column":0},"end":{"line":7,"column":36}},"6":{"start":{"line":8,"column":0},"end":{"line":8,"column":45}},"7":{"start":{"line":10,"column":0},"end":{"line":292,"column":2}},"8":{"start":{"line":16,"column":15},"end":{"line":22,"column":4}},"9":{"start":{"line":31,"column":2},"end":{"line":76,"column":4}},"10":{"start":{"line":43,"column":8},"end":{"line":57,"column":null}},"11":{"start":{"line":44,"column":10},"end":{"line":56,"column":null}},"12":{"start":{"line":45,"column":25},"end":{"line":47,"column":14}},"13":{"start":{"line":48,"column":12},"end":{"line":52,"column":null}},"14":{"start":{"line":49,"column":14},"end":{"line":49,"column":31}},"15":{"start":{"line":51,"column":14},"end":{"line":51,"column":31}},"16":{"start":{"line":54,"column":12},"end":{"line":54,"column":28}},"17":{"start":{"line":55,"column":12},"end":{"line":55,"column":20}},"18":{"start":{"line":58,"column":8},"end":{"line":72,"column":null}},"19":{"start":{"line":59,"column":10},"end":{"line":71,"column":null}},"20":{"start":{"line":60,"column":25},"end":{"line":62,"column":14}},"21":{"start":{"line":63,"column":12},"end":{"line":67,"column":null}},"22":{"start":{"line":64,"column":14},"end":{"line":64,"column":31}},"23":{"start":{"line":66,"column":14},"end":{"line":66,"column":31}},"24":{"start":{"line":69,"column":12},"end":{"line":69,"column":28}},"25":{"start":{"line":70,"column":12},"end":{"line":70,"column":20}},"26":{"start":{"line":73,"column":8},"end":{"line":73,"column":31}},"27":{"start":{"line":78,"column":2},"end":{"line":110,"column":4}},"28":{"start":{"line":91,"column":22},"end":{"line":91,"column":62}},"29":{"start":{"line":92,"column":8},"end":{"line":106,"column":null}},"30":{"start":{"line":93,"column":23},"end":{"line":93,"column":56}},"31":{"start":{"line":95,"column":10},"end":{"line":99,"column":null}},"32":{"start":{"line":96,"column":12},"end":{"line":98,"column":15}},"33":{"start":{"line":100,"column":10},"end":{"line":104,"column":null}},"34":{"start":{"line":101,"column":12},"end":{"line":103,"column":15}},"35":{"start":{"line":105,"column":10},"end":{"line":105,"column":34}},"36":{"start":{"line":107,"column":8},"end":{"line":107,"column":64}},"37":{"start":{"line":111,"column":2},"end":{"line":162,"column":4}},"38":{"start":{"line":115,"column":30},"end":{"line":115,"column":38}},"39":{"start":{"line":116,"column":30},"end":{"line":116,"column":38}},"40":{"start":{"line":117,"column":8},"end":{"line":159,"column":11}},"41":{"start":{"line":118,"column":10},"end":{"line":124,"column":null}},"42":{"start":{"line":119,"column":40},"end":{"line":119,"column":59}},"43":{"start":{"line":120,"column":12},"end":{"line":120,"column":38}},"44":{"start":{"line":121,"column":12},"end":{"line":123,"column":15}},"45":{"start":{"line":126,"column":10},"end":{"line":158,"column":null}},"46":{"start":{"line":127,"column":12},"end":{"line":153,"column":14}},"47":{"start":{"line":130,"column":16},"end":{"line":132,"column":null}},"48":{"start":{"line":131,"column":18},"end":{"line":131,"column":37}},"49":{"start":{"line":133,"column":16},"end":{"line":137,"column":null}},"50":{"start":{"line":134,"column":18},"end":{"line":136,"column":21}},"51":{"start":{"line":139,"column":16},"end":{"line":139,"column":43}},"52":{"start":{"line":140,"column":16},"end":{"line":140,"column":52}},"53":{"start":{"line":141,"column":38},"end":{"line":143,"column":null}},"54":{"start":{"line":146,"column":16},"end":{"line":150,"column":null}},"55":{"start":{"line":147,"column":18},"end":{"line":149,"column":21}},"56":{"start":{"line":151,"column":16},"end":{"line":151,"column":44}},"57":{"start":{"line":155,"column":12},"end":{"line":157,"column":15}},"58":{"start":{"line":163,"column":2},"end":{"line":212,"column":4}},"59":{"start":{"line":178,"column":8},"end":{"line":209,"column":11}},"60":{"start":{"line":179,"column":10},"end":{"line":185,"column":null}},"61":{"start":{"line":180,"column":40},"end":{"line":180,"column":59}},"62":{"start":{"line":181,"column":12},"end":{"line":181,"column":38}},"63":{"start":{"line":182,"column":12},"end":{"line":184,"column":15}},"64":{"start":{"line":187,"column":10},"end":{"line":208,"column":null}},"65":{"start":{"line":188,"column":12},"end":{"line":203,"column":15}},"66":{"start":{"line":189,"column":14},"end":{"line":191,"column":null}},"67":{"start":{"line":190,"column":16},"end":{"line":190,"column":35}},"68":{"start":{"line":192,"column":14},"end":{"line":196,"column":null}},"69":{"start":{"line":193,"column":16},"end":{"line":195,"column":19}},"70":{"start":{"line":197,"column":14},"end":{"line":201,"column":null}},"71":{"start":{"line":198,"column":16},"end":{"line":200,"column":19}},"72":{"start":{"line":202,"column":14},"end":{"line":202,"column":38}},"73":{"start":{"line":205,"column":12},"end":{"line":207,"column":15}},"74":{"start":{"line":228,"column":2},"end":{"line":249,"column":5}},"75":{"start":{"line":230,"column":4},"end":{"line":248,"column":null}},"76":{"start":{"line":231,"column":6},"end":{"line":234,"column":8}},"77":{"start":{"line":235,"column":6},"end":{"line":235,"column":30}},"78":{"start":{"line":236,"column":11},"end":{"line":248,"column":null}},"79":{"start":{"line":237,"column":6},"end":{"line":240,"column":8}},"80":{"start":{"line":241,"column":6},"end":{"line":241,"column":30}},"81":{"start":{"line":242,"column":11},"end":{"line":248,"column":null}},"82":{"start":{"line":243,"column":6},"end":{"line":246,"column":8}},"83":{"start":{"line":247,"column":6},"end":{"line":247,"column":30}},"84":{"start":{"line":255,"column":2},"end":{"line":291,"column":4}},"85":{"start":{"line":262,"column":6},"end":{"line":289,"column":null}},"86":{"start":{"line":263,"column":8},"end":{"line":270,"column":13}},"87":{"start":{"line":265,"column":12},"end":{"line":265,"column":33}},"88":{"start":{"line":268,"column":12},"end":{"line":268,"column":48}},"89":{"start":{"line":269,"column":12},"end":{"line":269,"column":30}},"90":{"start":{"line":271,"column":13},"end":{"line":289,"column":null}},"91":{"start":{"line":272,"column":8},"end":{"line":279,"column":13}},"92":{"start":{"line":274,"column":12},"end":{"line":274,"column":33}},"93":{"start":{"line":277,"column":12},"end":{"line":277,"column":48}},"94":{"start":{"line":278,"column":12},"end":{"line":278,"column":30}},"95":{"start":{"line":280,"column":13},"end":{"line":289,"column":null}},"96":{"start":{"line":281,"column":8},"end":{"line":288,"column":13}},"97":{"start":{"line":283,"column":12},"end":{"line":283,"column":33}},"98":{"start":{"line":286,"column":12},"end":{"line":286,"column":48}},"99":{"start":{"line":287,"column":12},"end":{"line":287,"column":30}}},"fnMap":{"0":{"name":"(anonymous_1)","decl":{"start":{"line":10,"column":17},"end":{"line":10,"column":18}},"loc":{"start":{"line":10,"column":35},"end":{"line":292,"column":1}}},"1":{"name":"(anonymous_2)","decl":{"start":{"line":42,"column":6},"end":{"line":42,"column":11}},"loc":{"start":{"line":42,"column":45},"end":{"line":74,"column":7}}},"2":{"name":"(anonymous_3)","decl":{"start":{"line":90,"column":6},"end":{"line":90,"column":11}},"loc":{"start":{"line":90,"column":57},"end":{"line":108,"column":7}}},"3":{"name":"(anonymous_4)","decl":{"start":{"line":114,"column":6},"end":{"line":114,"column":7}},"loc":{"start":{"line":114,"column":56},"end":{"line":160,"column":7}}},"4":{"name":"(anonymous_5)","decl":{"start":{"line":117,"column":55},"end":{"line":117,"column":56}},"loc":{"start":{"line":117,"column":70},"end":{"line":159,"column":9}}},"5":{"name":"(anonymous_6)","decl":{"start":{"line":129,"column":14},"end":{"line":129,"column":15}},"loc":{"start":{"line":129,"column":44},"end":{"line":152,"column":15}}},"6":{"name":"(anonymous_7)","decl":{"start":{"line":177,"column":6},"end":{"line":177,"column":7}},"loc":{"start":{"line":177,"column":61},"end":{"line":210,"column":7}}},"7":{"name":"(anonymous_8)","decl":{"start":{"line":178,"column":47},"end":{"line":178,"column":48}},"loc":{"start":{"line":178,"column":62},"end":{"line":209,"column":9}}},"8":{"name":"(anonymous_9)","decl":{"start":{"line":188,"column":44},"end":{"line":188,"column":45}},"loc":{"start":{"line":188,"column":70},"end":{"line":203,"column":13}}},"9":{"name":"(anonymous_10)","decl":{"start":{"line":228,"column":25},"end":{"line":228,"column":26}},"loc":{"start":{"line":228,"column":68},"end":{"line":249,"column":3}}},"10":{"name":"(anonymous_11)","decl":{"start":{"line":261,"column":4},"end":{"line":261,"column":5}},"loc":{"start":{"line":261,"column":38},"end":{"line":290,"column":5}}},"11":{"name":"(anonymous_12)","decl":{"start":{"line":264,"column":16},"end":{"line":264,"column":17}},"loc":{"start":{"line":264,"column":29},"end":{"line":266,"column":11}}},"12":{"name":"(anonymous_13)","decl":{"start":{"line":267,"column":17},"end":{"line":267,"column":18}},"loc":{"start":{"line":267,"column":27},"end":{"line":270,"column":11}}},"13":{"name":"(anonymous_14)","decl":{"start":{"line":273,"column":16},"end":{"line":273,"column":17}},"loc":{"start":{"line":273,"column":29},"end":{"line":275,"column":11}}},"14":{"name":"(anonymous_15)","decl":{"start":{"line":276,"column":17},"end":{"line":276,"column":18}},"loc":{"start":{"line":276,"column":27},"end":{"line":279,"column":11}}},"15":{"name":"(anonymous_16)","decl":{"start":{"line":282,"column":16},"end":{"line":282,"column":17}},"loc":{"start":{"line":282,"column":29},"end":{"line":284,"column":11}}},"16":{"name":"(anonymous_17)","decl":{"start":{"line":285,"column":17},"end":{"line":285,"column":18}},"loc":{"start":{"line":285,"column":27},"end":{"line":288,"column":11}}}},"branchMap":{"0":{"loc":{"start":{"line":43,"column":8},"end":{"line":57,"column":null}},"type":"if","locations":[{"start":{"line":43,"column":8},"end":{"line":57,"column":null}},{"start":{"line":43,"column":8},"end":{"line":57,"column":null}}]},"1":{"loc":{"start":{"line":48,"column":12},"end":{"line":52,"column":null}},"type":"if","locations":[{"start":{"line":48,"column":12},"end":{"line":52,"column":null}},{"start":{"line":48,"column":12},"end":{"line":52,"column":null}}]},"2":{"loc":{"start":{"line":58,"column":8},"end":{"line":72,"column":null}},"type":"if","locations":[{"start":{"line":58,"column":8},"end":{"line":72,"column":null}},{"start":{"line":58,"column":8},"end":{"line":72,"column":null}}]},"3":{"loc":{"start":{"line":63,"column":12},"end":{"line":67,"column":null}},"type":"if","locations":[{"start":{"line":63,"column":12},"end":{"line":67,"column":null}},{"start":{"line":63,"column":12},"end":{"line":67,"column":null}}]},"4":{"loc":{"start":{"line":92,"column":8},"end":{"line":106,"column":null}},"type":"if","locations":[{"start":{"line":92,"column":8},"end":{"line":106,"column":null}},{"start":{"line":92,"column":8},"end":{"line":106,"column":null}}]},"5":{"loc":{"start":{"line":95,"column":10},"end":{"line":99,"column":null}},"type":"if","locations":[{"start":{"line":95,"column":10},"end":{"line":99,"column":null}},{"start":{"line":95,"column":10},"end":{"line":99,"column":null}}]},"6":{"loc":{"start":{"line":100,"column":10},"end":{"line":104,"column":null}},"type":"if","locations":[{"start":{"line":100,"column":10},"end":{"line":104,"column":null}},{"start":{"line":100,"column":10},"end":{"line":104,"column":null}}]},"7":{"loc":{"start":{"line":118,"column":10},"end":{"line":124,"column":null}},"type":"if","locations":[{"start":{"line":118,"column":10},"end":{"line":124,"column":null}},{"start":{"line":118,"column":10},"end":{"line":124,"column":null}}]},"8":{"loc":{"start":{"line":126,"column":10},"end":{"line":158,"column":null}},"type":"if","locations":[{"start":{"line":126,"column":10},"end":{"line":158,"column":null}},{"start":{"line":126,"column":10},"end":{"line":158,"column":null}}]},"9":{"loc":{"start":{"line":130,"column":16},"end":{"line":132,"column":null}},"type":"if","locations":[{"start":{"line":130,"column":16},"end":{"line":132,"column":null}},{"start":{"line":130,"column":16},"end":{"line":132,"column":null}}]},"10":{"loc":{"start":{"line":133,"column":16},"end":{"line":137,"column":null}},"type":"if","locations":[{"start":{"line":133,"column":16},"end":{"line":137,"column":null}},{"start":{"line":133,"column":16},"end":{"line":137,"column":null}}]},"11":{"loc":{"start":{"line":146,"column":16},"end":{"line":150,"column":null}},"type":"if","locations":[{"start":{"line":146,"column":16},"end":{"line":150,"column":null}},{"start":{"line":146,"column":16},"end":{"line":150,"column":null}}]},"12":{"loc":{"start":{"line":179,"column":10},"end":{"line":185,"column":null}},"type":"if","locations":[{"start":{"line":179,"column":10},"end":{"line":185,"column":null}},{"start":{"line":179,"column":10},"end":{"line":185,"column":null}}]},"13":{"loc":{"start":{"line":187,"column":10},"end":{"line":208,"column":null}},"type":"if","locations":[{"start":{"line":187,"column":10},"end":{"line":208,"column":null}},{"start":{"line":187,"column":10},"end":{"line":208,"column":null}}]},"14":{"loc":{"start":{"line":189,"column":14},"end":{"line":191,"column":null}},"type":"if","locations":[{"start":{"line":189,"column":14},"end":{"line":191,"column":null}},{"start":{"line":189,"column":14},"end":{"line":191,"column":null}}]},"15":{"loc":{"start":{"line":192,"column":14},"end":{"line":196,"column":null}},"type":"if","locations":[{"start":{"line":192,"column":14},"end":{"line":196,"column":null}},{"start":{"line":192,"column":14},"end":{"line":196,"column":null}}]},"16":{"loc":{"start":{"line":197,"column":14},"end":{"line":201,"column":null}},"type":"if","locations":[{"start":{"line":197,"column":14},"end":{"line":201,"column":null}},{"start":{"line":197,"column":14},"end":{"line":201,"column":null}}]},"17":{"loc":{"start":{"line":230,"column":4},"end":{"line":248,"column":null}},"type":"if","locations":[{"start":{"line":230,"column":4},"end":{"line":248,"column":null}},{"start":{"line":230,"column":4},"end":{"line":248,"column":null}}]},"18":{"loc":{"start":{"line":236,"column":11},"end":{"line":248,"column":null}},"type":"if","locations":[{"start":{"line":236,"column":11},"end":{"line":248,"column":null}},{"start":{"line":236,"column":11},"end":{"line":248,"column":null}}]},"19":{"loc":{"start":{"line":242,"column":11},"end":{"line":248,"column":null}},"type":"if","locations":[{"start":{"line":242,"column":11},"end":{"line":248,"column":null}},{"start":{"line":242,"column":11},"end":{"line":248,"column":null}}]},"20":{"loc":{"start":{"line":262,"column":6},"end":{"line":289,"column":null}},"type":"if","locations":[{"start":{"line":262,"column":6},"end":{"line":289,"column":null}},{"start":{"line":262,"column":6},"end":{"line":289,"column":null}}]},"21":{"loc":{"start":{"line":271,"column":13},"end":{"line":289,"column":null}},"type":"if","locations":[{"start":{"line":271,"column":13},"end":{"line":289,"column":null}},{"start":{"line":271,"column":13},"end":{"line":289,"column":null}}]},"22":{"loc":{"start":{"line":280,"column":13},"end":{"line":289,"column":null}},"type":"if","locations":[{"start":{"line":280,"column":13},"end":{"line":289,"column":null}},{"start":{"line":280,"column":13},"end":{"line":289,"column":null}}]}},"s":{"0":3,"1":3,"2":3,"3":3,"4":3,"5":3,"6":3,"7":3,"8":3,"9":3,"10":0,"11":0,"12":0,"13":0,"14":0,"15":0,"16":0,"17":0,"18":0,"19":0,"20":0,"21":0,"22":0,"23":0,"24":0,"25":0,"26":0,"27":3,"28":3,"29":3,"30":1,"31":1,"32":0,"33":1,"34":0,"35":1,"36":2,"37":3,"38":0,"39":0,"40":0,"41":0,"42":0,"43":0,"44":0,"45":0,"46":0,"47":0,"48":0,"49":0,"50":0,"51":0,"52":0,"53":0,"54":0,"55":0,"56":0,"57":0,"58":3,"59":0,"60":0,"61":0,"62":0,"63":0,"64":0,"65":0,"66":0,"67":0,"68":0,"69":0,"70":0,"71":0,"72":0,"73":0,"74":3,"75":1,"76":0,"77":0,"78":1,"79":1,"80":1,"81":0,"82":0,"83":0,"84":3,"85":0,"86":0,"87":0,"88":0,"89":0,"90":0,"91":0,"92":0,"93":0,"94":0,"95":0,"96":0,"97":0,"98":0,"99":0},"f":{"0":3,"1":0,"2":3,"3":0,"4":0,"5":0,"6":0,"7":0,"8":0,"9":1,"10":0,"11":0,"12":0,"13":0,"14":0,"15":0,"16":0},"b":{"0":[0,0],"1":[0,0],"2":[0,0],"3":[0,0],"4":[1,2],"5":[0,1],"6":[0,1],"7":[0,0],"8":[0,0],"9":[0,0],"10":[0,0],"11":[0,0],"12":[0,0],"13":[0,0],"14":[0,0],"15":[0,0],"16":[0,0],"17":[0,1],"18":[1,0],"19":[0,0],"20":[0,0],"21":[0,0],"22":[0,0]}}
,"C:\\Users\\Dustin\\Code\\School\\Dandle-Backend\\src\\models\\organization.ts": {"path":"C:\\Users\\Dustin\\Code\\School\\Dandle-Backend\\src\\models\\organization.ts","statementMap":{"0":{"start":{"line":1,"column":0},"end":{"line":1,"column":32}},"1":{"start":{"line":3,"column":22},"end":{"line":8,"column":2}},"2":{"start":{"line":15,"column":23},"end":{"line":19,"column":2}},"3":{"start":{"line":28,"column":19},"end":{"line":33,"column":2}},"4":{"start":{"line":41,"column":22},"end":{"line":45,"column":2}},"5":{"start":{"line":63,"column":18},"end":{"line":79,"column":2}},"6":{"start":{"line":82,"column":43},"end":{"line":84,"column":null}},"7":{"start":{"line":86,"column":0},"end":{"line":86,"column":28}}},"fnMap":{},"branchMap":{},"s":{"0":3,"1":3,"2":3,"3":3,"4":3,"5":3,"6":3,"7":3},"f":{},"b":{}}
,"C:\\Users\\Dustin\\Code\\School\\Dandle-Backend\\src\\models\\staff.ts": {"path":"C:\\Users\\Dustin\\Code\\School\\Dandle-Backend\\src\\models\\staff.ts","statementMap":{"0":{"start":{"line":1,"column":0},"end":{"line":1,"column":32}},"1":{"start":{"line":9,"column":13},"end":{"line":22,"column":3}},"2":{"start":{"line":35,"column":13},"end":{"line":49,"column":3}},"3":{"start":{"line":52,"column":14},"end":{"line":52,"column":58}},"4":{"start":{"line":53,"column":0},"end":{"line":53,"column":21}}},"fnMap":{},"branchMap":{},"s":{"0":3,"1":3,"2":3,"3":3,"4":3},"f":{},"b":{}}
,"C:\\Users\\Dustin\\Code\\School\\Dandle-Backend\\src\\models\\user.ts": {"path":"C:\\Users\\Dustin\\Code\\School\\Dandle-Backend\\src\\models\\user.ts","statementMap":{"0":{"start":{"line":1,"column":0},"end":{"line":1,"column":32}},"1":{"start":{"line":11,"column":13},"end":{"line":24,"column":3}},"2":{"start":{"line":27,"column":13},"end":{"line":27,"column":54}},"3":{"start":{"line":28,"column":0},"end":{"line":28,"column":20}}},"fnMap":{},"branchMap":{},"s":{"0":3,"1":3,"2":3,"3":3},"f":{},"b":{}}
,"C:\\Users\\Dustin\\Code\\School\\Dandle-Backend\\src\\routes\\index.ts": {"path":"C:\\Users\\Dustin\\Code\\School\\Dandle-Backend\\src\\routes\\index.ts","statementMap":{"0":{"start":{"line":1,"column":0},"end":{"line":1,"column":53}},"1":{"start":{"line":3,"column":20},"end":{"line":3,"column":36}},"2":{"start":{"line":6,"column":0},"end":{"line":10,"column":3}},"3":{"start":{"line":7,"column":2},"end":{"line":9,"column":5}},"4":{"start":{"line":12,"column":0},"end":{"line":12,"column":27}}},"fnMap":{"0":{"name":"(anonymous_1)","decl":{"start":{"line":6,"column":21},"end":{"line":6,"column":26}},"loc":{"start":{"line":6,"column":59},"end":{"line":10,"column":1}}}},"branchMap":{},"s":{"0":3,"1":3,"2":3,"3":1,"4":3},"f":{"0":1},"b":{}}
,"C:\\Users\\Dustin\\Code\\School\\Dandle-Backend\\src\\routes\\requests\\info.ts": {"path":"C:\\Users\\Dustin\\Code\\School\\Dandle-Backend\\src\\routes\\requests\\info.ts","statementMap":{"0":{"start":{"line":1,"column":0},"end":{"line":1,"column":67}},"1":{"start":{"line":2,"column":0},"end":{"line":2,"column":47}},"2":{"start":{"line":3,"column":0},"end":{"line":3,"column":39}},"3":{"start":{"line":5,"column":15},"end":{"line":5,"column":31}},"4":{"start":{"line":7,"column":26},"end":{"line":25,"column":null}},"5":{"start":{"line":12,"column":19},"end":{"line":12,"column":50}},"6":{"start":{"line":13,"column":4},"end":{"line":16,"column":null}},"7":{"start":{"line":14,"column":6},"end":{"line":14,"column":35}},"8":{"start":{"line":15,"column":6},"end":{"line":15,"column":62}},"9":{"start":{"line":17,"column":4},"end":{"line":17,"column":16}},"10":{"start":{"line":20,"column":4},"end":{"line":20,"column":35}},"11":{"start":{"line":22,"column":4},"end":{"line":24,"column":7}},"12":{"start":{"line":28,"column":0},"end":{"line":28,"column":33}}},"fnMap":{"0":{"name":"(anonymous_7)","decl":{"start":{"line":10,"column":2},"end":{"line":10,"column":7}},"loc":{"start":{"line":10,"column":56},"end":{"line":18,"column":3}}},"1":{"name":"(anonymous_8)","decl":{"start":{"line":19,"column":2},"end":{"line":19,"column":7}},"loc":{"start":{"line":19,"column":40},"end":{"line":25,"column":3}}}},"branchMap":{"0":{"loc":{"start":{"line":13,"column":4},"end":{"line":16,"column":null}},"type":"if","locations":[{"start":{"line":13,"column":4},"end":{"line":16,"column":null}},{"start":{"line":13,"column":4},"end":{"line":16,"column":null}}]}},"s":{"0":3,"1":3,"2":3,"3":3,"4":3,"5":0,"6":0,"7":0,"8":0,"9":0,"10":0,"11":0,"12":3},"f":{"0":0,"1":0},"b":{"0":[0,0]}}
,"C:\\Users\\Dustin\\Code\\School\\Dandle-Backend\\src\\routes\\requests\\requestRouter.ts": {"path":"C:\\Users\\Dustin\\Code\\School\\Dandle-Backend\\src\\routes\\requests\\requestRouter.ts","statementMap":{"0":{"start":{"line":1,"column":0},"end":{"line":1,"column":30}},"1":{"start":{"line":2,"column":0},"end":{"line":2,"column":39}},"2":{"start":{"line":4,"column":22},"end":{"line":4,"column":38}},"3":{"start":{"line":6,"column":0},"end":{"line":6,"column":46}},"4":{"start":{"line":8,"column":0},"end":{"line":8,"column":29}}},"fnMap":{},"branchMap":{},"s":{"0":3,"1":3,"2":3,"3":3,"4":3},"f":{},"b":{}}
,"C:\\Users\\Dustin\\Code\\School\\Dandle-Backend\\src\\routes\\signin\\org.ts": {"path":"C:\\Users\\Dustin\\Code\\School\\Dandle-Backend\\src\\routes\\signin\\org.ts","statementMap":{"0":{"start":{"line":1,"column":0},"end":{"line":1,"column":67}},"1":{"start":{"line":2,"column":0},"end":{"line":2,"column":47}},"2":{"start":{"line":3,"column":0},"end":{"line":3,"column":32}},"3":{"start":{"line":4,"column":0},"end":{"line":4,"column":47}},"4":{"start":{"line":5,"column":0},"end":{"line":5,"column":39}},"5":{"start":{"line":6,"column":0},"end":{"line":6,"column":63}},"6":{"start":{"line":8,"column":24},"end":{"line":8,"column":40}},"7":{"start":{"line":14,"column":0},"end":{"line":113,"column":2}},"8":{"start":{"line":46,"column":19},"end":{"line":46,"column":50}},"9":{"start":{"line":47,"column":4},"end":{"line":51,"column":null}},"10":{"start":{"line":48,"column":6},"end":{"line":50,"column":9}},"11":{"start":{"line":52,"column":4},"end":{"line":52,"column":18}},"12":{"start":{"line":58,"column":4},"end":{"line":71,"column":null}},"13":{"start":{"line":59,"column":6},"end":{"line":59,"column":47}},"14":{"start":{"line":60,"column":6},"end":{"line":60,"column":46}},"15":{"start":{"line":62,"column":11},"end":{"line":71,"column":null}},"16":{"start":{"line":63,"column":6},"end":{"line":63,"column":44}},"17":{"start":{"line":64,"column":6},"end":{"line":64,"column":43}},"18":{"start":{"line":68,"column":6},"end":{"line":70,"column":9}},"19":{"start":{"line":75,"column":4},"end":{"line":82,"column":null}},"20":{"start":{"line":76,"column":6},"end":{"line":76,"column":75}},"21":{"start":{"line":78,"column":6},"end":{"line":78,"column":22}},"22":{"start":{"line":79,"column":6},"end":{"line":81,"column":9}},"23":{"start":{"line":84,"column":16},"end":{"line":86,"column":6}},"24":{"start":{"line":88,"column":4},"end":{"line":92,"column":null}},"25":{"start":{"line":89,"column":6},"end":{"line":91,"column":9}},"26":{"start":{"line":93,"column":4},"end":{"line":97,"column":null}},"27":{"start":{"line":94,"column":6},"end":{"line":96,"column":9}},"28":{"start":{"line":99,"column":21},"end":{"line":106,"column":null}},"29":{"start":{"line":109,"column":4},"end":{"line":111,"column":7}},"30":{"start":{"line":115,"column":0},"end":{"line":193,"column":2}},"31":{"start":{"line":141,"column":19},"end":{"line":141,"column":50}},"32":{"start":{"line":142,"column":4},"end":{"line":146,"column":null}},"33":{"start":{"line":143,"column":6},"end":{"line":145,"column":9}},"34":{"start":{"line":147,"column":4},"end":{"line":147,"column":18}},"35":{"start":{"line":151,"column":4},"end":{"line":155,"column":null}},"36":{"start":{"line":152,"column":6},"end":{"line":154,"column":9}},"37":{"start":{"line":156,"column":17},"end":{"line":156,"column":33}},"38":{"start":{"line":157,"column":4},"end":{"line":161,"column":null}},"39":{"start":{"line":158,"column":6},"end":{"line":160,"column":9}},"40":{"start":{"line":162,"column":18},"end":{"line":170,"column":null}},"41":{"start":{"line":172,"column":25},"end":{"line":179,"column":null}},"42":{"start":{"line":181,"column":4},"end":{"line":185,"column":7}},"43":{"start":{"line":186,"column":4},"end":{"line":191,"column":7}},"44":{"start":{"line":195,"column":0},"end":{"line":195,"column":31}}},"fnMap":{"0":{"name":"(anonymous_7)","decl":{"start":{"line":41,"column":2},"end":{"line":41,"column":7}},"loc":{"start":{"line":45,"column":32},"end":{"line":53,"column":3}}},"1":{"name":"(anonymous_8)","decl":{"start":{"line":54,"column":2},"end":{"line":54,"column":7}},"loc":{"start":{"line":54,"column":66},"end":{"line":112,"column":3}}},"2":{"name":"(anonymous_9)","decl":{"start":{"line":136,"column":2},"end":{"line":136,"column":7}},"loc":{"start":{"line":140,"column":32},"end":{"line":148,"column":3}}},"3":{"name":"(anonymous_10)","decl":{"start":{"line":150,"column":2},"end":{"line":150,"column":7}},"loc":{"start":{"line":150,"column":66},"end":{"line":192,"column":3}}}},"branchMap":{"0":{"loc":{"start":{"line":47,"column":4},"end":{"line":51,"column":null}},"type":"if","locations":[{"start":{"line":47,"column":4},"end":{"line":51,"column":null}},{"start":{"line":47,"column":4},"end":{"line":51,"column":null}}]},"1":{"loc":{"start":{"line":58,"column":4},"end":{"line":71,"column":null}},"type":"if","locations":[{"start":{"line":58,"column":4},"end":{"line":71,"column":null}},{"start":{"line":58,"column":4},"end":{"line":71,"column":null}}]},"2":{"loc":{"start":{"line":62,"column":11},"end":{"line":71,"column":null}},"type":"if","locations":[{"start":{"line":62,"column":11},"end":{"line":71,"column":null}},{"start":{"line":62,"column":11},"end":{"line":71,"column":null}}]},"3":{"loc":{"start":{"line":88,"column":4},"end":{"line":92,"column":null}},"type":"if","locations":[{"start":{"line":88,"column":4},"end":{"line":92,"column":null}},{"start":{"line":88,"column":4},"end":{"line":92,"column":null}}]},"4":{"loc":{"start":{"line":93,"column":4},"end":{"line":97,"column":null}},"type":"if","locations":[{"start":{"line":93,"column":4},"end":{"line":97,"column":null}},{"start":{"line":93,"column":4},"end":{"line":97,"column":null}}]},"5":{"loc":{"start":{"line":142,"column":4},"end":{"line":146,"column":null}},"type":"if","locations":[{"start":{"line":142,"column":4},"end":{"line":146,"column":null}},{"start":{"line":142,"column":4},"end":{"line":146,"column":null}}]},"6":{"loc":{"start":{"line":151,"column":4},"end":{"line":155,"column":null}},"type":"if","locations":[{"start":{"line":151,"column":4},"end":{"line":155,"column":null}},{"start":{"line":151,"column":4},"end":{"line":155,"column":null}}]},"7":{"loc":{"start":{"line":157,"column":4},"end":{"line":161,"column":null}},"type":"if","locations":[{"start":{"line":157,"column":4},"end":{"line":161,"column":null}},{"start":{"line":157,"column":4},"end":{"line":161,"column":null}}]}},"s":{"0":3,"1":3,"2":3,"3":3,"4":3,"5":3,"6":3,"7":3,"8":0,"9":0,"10":0,"11":0,"12":0,"13":0,"14":0,"15":0,"16":0,"17":0,"18":0,"19":0,"20":0,"21":0,"22":0,"23":0,"24":0,"25":0,"26":0,"27":0,"28":0,"29":0,"30":3,"31":0,"32":0,"33":0,"34":0,"35":0,"36":0,"37":0,"38":0,"39":0,"40":0,"41":0,"42":0,"43":0,"44":3},"f":{"0":0,"1":0,"2":0,"3":0},"b":{"0":[0,0],"1":[0,0],"2":[0,0],"3":[0,0],"4":[0,0],"5":[0,0],"6":[0,0],"7":[0,0]}}
,"C:\\Users\\Dustin\\Code\\School\\Dandle-Backend\\src\\routes\\signin\\signInRouter.ts": {"path":"C:\\Users\\Dustin\\Code\\School\\Dandle-Backend\\src\\routes\\signin\\signInRouter.ts","statementMap":{"0":{"start":{"line":1,"column":0},"end":{"line":1,"column":30}},"1":{"start":{"line":2,"column":0},"end":{"line":2,"column":40}},"2":{"start":{"line":3,"column":0},"end":{"line":3,"column":36}},"3":{"start":{"line":5,"column":21},"end":{"line":5,"column":37}},"4":{"start":{"line":7,"column":0},"end":{"line":7,"column":46}},"5":{"start":{"line":8,"column":0},"end":{"line":8,"column":42}},"6":{"start":{"line":9,"column":0},"end":{"line":9,"column":28}}},"fnMap":{},"branchMap":{},"s":{"0":3,"1":3,"2":3,"3":3,"4":3,"5":3,"6":3},"f":{},"b":{}}
,"C:\\Users\\Dustin\\Code\\School\\Dandle-Backend\\src\\routes\\signin\\staff.ts": {"path":"C:\\Users\\Dustin\\Code\\School\\Dandle-Backend\\src\\routes\\signin\\staff.ts","statementMap":{"0":{"start":{"line":1,"column":0},"end":{"line":1,"column":67}},"1":{"start":{"line":2,"column":0},"end":{"line":2,"column":47}},"2":{"start":{"line":3,"column":0},"end":{"line":3,"column":32}},"3":{"start":{"line":4,"column":0},"end":{"line":4,"column":47}},"4":{"start":{"line":5,"column":0},"end":{"line":5,"column":39}},"5":{"start":{"line":6,"column":0},"end":{"line":6,"column":51}},"6":{"start":{"line":8,"column":26},"end":{"line":8,"column":42}},"7":{"start":{"line":14,"column":0},"end":{"line":105,"column":2}},"8":{"start":{"line":45,"column":4},"end":{"line":58,"column":null}},"9":{"start":{"line":46,"column":6},"end":{"line":46,"column":47}},"10":{"start":{"line":47,"column":6},"end":{"line":47,"column":46}},"11":{"start":{"line":49,"column":11},"end":{"line":58,"column":null}},"12":{"start":{"line":50,"column":6},"end":{"line":50,"column":44}},"13":{"start":{"line":51,"column":6},"end":{"line":51,"column":43}},"14":{"start":{"line":55,"column":6},"end":{"line":57,"column":9}},"15":{"start":{"line":62,"column":4},"end":{"line":69,"column":null}},"16":{"start":{"line":63,"column":6},"end":{"line":63,"column":75}},"17":{"start":{"line":65,"column":6},"end":{"line":65,"column":22}},"18":{"start":{"line":66,"column":6},"end":{"line":68,"column":9}},"19":{"start":{"line":72,"column":17},"end":{"line":72,"column":68}},"20":{"start":{"line":75,"column":4},"end":{"line":79,"column":null}},"21":{"start":{"line":76,"column":6},"end":{"line":78,"column":9}},"22":{"start":{"line":81,"column":4},"end":{"line":85,"column":null}},"23":{"start":{"line":82,"column":6},"end":{"line":84,"column":9}},"24":{"start":{"line":88,"column":21},"end":{"line":97,"column":null}},"25":{"start":{"line":101,"column":4},"end":{"line":103,"column":7}},"26":{"start":{"line":107,"column":0},"end":{"line":189,"column":2}},"27":{"start":{"line":133,"column":19},"end":{"line":133,"column":50}},"28":{"start":{"line":134,"column":4},"end":{"line":138,"column":null}},"29":{"start":{"line":135,"column":6},"end":{"line":137,"column":9}},"30":{"start":{"line":139,"column":4},"end":{"line":139,"column":18}},"31":{"start":{"line":143,"column":4},"end":{"line":147,"column":null}},"32":{"start":{"line":144,"column":6},"end":{"line":146,"column":9}},"33":{"start":{"line":148,"column":17},"end":{"line":148,"column":35}},"34":{"start":{"line":149,"column":4},"end":{"line":153,"column":null}},"35":{"start":{"line":150,"column":6},"end":{"line":152,"column":9}},"36":{"start":{"line":154,"column":18},"end":{"line":164,"column":null}},"37":{"start":{"line":167,"column":25},"end":{"line":174,"column":null}},"38":{"start":{"line":176,"column":4},"end":{"line":180,"column":7}},"39":{"start":{"line":182,"column":4},"end":{"line":187,"column":7}},"40":{"start":{"line":191,"column":0},"end":{"line":191,"column":33}}},"fnMap":{"0":{"name":"(anonymous_7)","decl":{"start":{"line":41,"column":2},"end":{"line":41,"column":7}},"loc":{"start":{"line":41,"column":66},"end":{"line":104,"column":3}}},"1":{"name":"(anonymous_8)","decl":{"start":{"line":128,"column":2},"end":{"line":128,"column":7}},"loc":{"start":{"line":132,"column":32},"end":{"line":140,"column":3}}},"2":{"name":"(anonymous_9)","decl":{"start":{"line":142,"column":2},"end":{"line":142,"column":7}},"loc":{"start":{"line":142,"column":66},"end":{"line":188,"column":3}}}},"branchMap":{"0":{"loc":{"start":{"line":45,"column":4},"end":{"line":58,"column":null}},"type":"if","locations":[{"start":{"line":45,"column":4},"end":{"line":58,"column":null}},{"start":{"line":45,"column":4},"end":{"line":58,"column":null}}]},"1":{"loc":{"start":{"line":49,"column":11},"end":{"line":58,"column":null}},"type":"if","locations":[{"start":{"line":49,"column":11},"end":{"line":58,"column":null}},{"start":{"line":49,"column":11},"end":{"line":58,"column":null}}]},"2":{"loc":{"start":{"line":75,"column":4},"end":{"line":79,"column":null}},"type":"if","locations":[{"start":{"line":75,"column":4},"end":{"line":79,"column":null}},{"start":{"line":75,"column":4},"end":{"line":79,"column":null}}]},"3":{"loc":{"start":{"line":81,"column":4},"end":{"line":85,"column":null}},"type":"if","locations":[{"start":{"line":81,"column":4},"end":{"line":85,"column":null}},{"start":{"line":81,"column":4},"end":{"line":85,"column":null}}]},"4":{"loc":{"start":{"line":134,"column":4},"end":{"line":138,"column":null}},"type":"if","locations":[{"start":{"line":134,"column":4},"end":{"line":138,"column":null}},{"start":{"line":134,"column":4},"end":{"line":138,"column":null}}]},"5":{"loc":{"start":{"line":143,"column":4},"end":{"line":147,"column":null}},"type":"if","locations":[{"start":{"line":143,"column":4},"end":{"line":147,"column":null}},{"start":{"line":143,"column":4},"end":{"line":147,"column":null}}]},"6":{"loc":{"start":{"line":149,"column":4},"end":{"line":153,"column":null}},"type":"if","locations":[{"start":{"line":149,"column":4},"end":{"line":153,"column":null}},{"start":{"line":149,"column":4},"end":{"line":153,"column":null}}]}},"s":{"0":3,"1":3,"2":3,"3":3,"4":3,"5":3,"6":3,"7":3,"8":0,"9":0,"10":0,"11":0,"12":0,"13":0,"14":0,"15":0,"16":0,"17":0,"18":0,"19":0,"20":0,"21":0,"22":0,"23":0,"24":0,"25":0,"26":3,"27":7,"28":7,"29":4,"30":3,"31":1,"32":0,"33":1,"34":1,"35":0,"36":1,"37":1,"38":1,"39":1,"40":3},"f":{"0":0,"1":7,"2":1},"b":{"0":[0,0],"1":[0,0],"2":[0,0],"3":[0,0],"4":[4,3],"5":[0,1],"6":[0,1]}}
,"C:\\Users\\Dustin\\Code\\School\\Dandle-Backend\\src\\routes\\signup\\org.ts": {"path":"C:\\Users\\Dustin\\Code\\School\\Dandle-Backend\\src\\routes\\signup\\org.ts","statementMap":{"0":{"start":{"line":1,"column":0},"end":{"line":1,"column":44}},"1":{"start":{"line":2,"column":0},"end":{"line":2,"column":28}},"2":{"start":{"line":3,"column":0},"end":{"line":3,"column":53}},"3":{"start":{"line":5,"column":15},"end":{"line":5,"column":31}},"4":{"start":{"line":7,"column":13},"end":{"line":33,"column":2}},"5":{"start":{"line":10,"column":4},"end":{"line":10,"column":29}},"6":{"start":{"line":11,"column":38},"end":{"line":13,"column":null}},"7":{"start":{"line":15,"column":16},"end":{"line":20,"column":6}},"8":{"start":{"line":21,"column":4},"end":{"line":31,"column":null}},"9":{"start":{"line":22,"column":19},"end":{"line":22,"column":40}},"10":{"start":{"line":23,"column":23},"end":{"line":23,"column":40}},"11":{"start":{"line":24,"column":6},"end":{"line":26,"column":9}},"12":{"start":{"line":28,"column":6},"end":{"line":30,"column":9}}},"fnMap":{"0":{"name":"(anonymous_1)","decl":{"start":{"line":9,"column":2},"end":{"line":9,"column":7}},"loc":{"start":{"line":9,"column":36},"end":{"line":32,"column":3}}}},"branchMap":{},"s":{"0":3,"1":3,"2":3,"3":3,"4":3,"5":0,"6":0,"7":0,"8":0,"9":0,"10":0,"11":0,"12":0},"f":{"0":0},"b":{}}
,"C:\\Users\\Dustin\\Code\\School\\Dandle-Backend\\src\\routes\\signup\\signUpRouter.ts": {"path":"C:\\Users\\Dustin\\Code\\School\\Dandle-Backend\\src\\routes\\signup\\signUpRouter.ts","statementMap":{"0":{"start":{"line":1,"column":0},"end":{"line":1,"column":30}},"1":{"start":{"line":2,"column":0},"end":{"line":2,"column":40}},"2":{"start":{"line":4,"column":21},"end":{"line":4,"column":37}},"3":{"start":{"line":6,"column":0},"end":{"line":6,"column":42}},"4":{"start":{"line":8,"column":0},"end":{"line":8,"column":28}}},"fnMap":{},"branchMap":{},"s":{"0":3,"1":3,"2":3,"3":3,"4":3},"f":{},"b":{}}
,"C:\\Users\\Dustin\\Code\\School\\Dandle-Backend\\src\\routes\\test\\testRouter.ts": {"path":"C:\\Users\\Dustin\\Code\\School\\Dandle-Backend\\src\\routes\\test\\testRouter.ts","statementMap":{"0":{"start":{"line":1,"column":0},"end":{"line":1,"column":30}},"1":{"start":{"line":3,"column":19},"end":{"line":3,"column":35}},"2":{"start":{"line":5,"column":0},"end":{"line":5,"column":26}}},"fnMap":{},"branchMap":{},"s":{"0":3,"1":3,"2":3},"f":{},"b":{}}
}
