TN:
SF:src\app.ts
FN:29,prestart
FN:45,normalizePort
FN:57,(anonymous_3)
FN:125,(anonymous_4)
FN:137,(anonymous_5)
FNF:5
FNH:2
FNDA:4,prestart
FNDA:0,normalizePort
FNDA:0,(anonymous_3)
FNDA:4,(anonymous_4)
FNDA:0,(anonymous_5)
DA:1,4
DA:2,4
DA:3,4
DA:4,4
DA:5,4
DA:6,4
DA:7,4
DA:8,4
DA:9,4
DA:10,4
DA:11,4
DA:12,4
DA:14,4
DA:15,4
DA:16,4
DA:17,4
DA:18,4
DA:19,4
DA:20,4
DA:21,4
DA:23,4
DA:24,4
DA:25,4
DA:26,4
DA:27,4
DA:31,4
DA:32,4
DA:33,4
DA:34,4
DA:36,0
DA:37,0
DA:40,0
DA:41,0
DA:46,0
DA:48,0
DA:49,0
DA:50,0
DA:53,0
DA:57,4
DA:58,0
DA:60,4
DA:61,4
DA:62,4
DA:63,4
DA:64,4
DA:65,4
DA:66,4
DA:68,4
DA:69,4
DA:72,4
DA:82,4
DA:83,4
DA:85,4
DA:111,4
DA:113,4
DA:114,4
DA:115,4
DA:116,4
DA:117,4
DA:124,4
DA:125,4
DA:127,4
DA:129,4
DA:130,4
DA:131,4
DA:136,0
DA:137,0
DA:138,0
DA:139,0
DA:144,4
LF:70
LH:56
BRDA:31,0,0,4
BRDA:31,0,1,0
BRDA:48,1,0,0
BRDA:48,1,1,0
BRDA:48,2,0,0
BRDA:48,2,1,0
BRDA:68,3,0,4
BRDA:68,3,1,0
BRDA:124,4,0,4
BRDA:124,4,1,0
BRDA:127,5,0,4
BRDA:127,5,1,0
BRDA:136,6,0,0
BRDA:136,6,1,0
BRF:14
BRH:4
end_of_record
TN:
SF:src\logging.ts
FNF:0
FNH:0
DA:1,4
DA:3,4
LF:2
LH:2
BRF:0
BRH:0
end_of_record
TN:
SF:src\redis.ts
FN:7,(anonymous_1)
FN:27,(anonymous_2)
FN:37,(anonymous_3)
FNF:3
FNH:2
FNDA:4,(anonymous_1)
FNDA:0,(anonymous_2)
FNDA:4,(anonymous_3)
DA:1,4
DA:2,4
DA:3,4
DA:5,4
DA:7,4
DA:8,4
DA:9,4
DA:11,4
DA:12,0
DA:14,4
DA:16,4
DA:17,4
DA:19,0
DA:22,4
DA:23,4
DA:26,4
DA:27,4
DA:28,0
DA:29,0
DA:30,0
DA:34,0
DA:37,4
DA:38,4
DA:41,4
DA:44,4
LF:25
LH:19
BRDA:8,0,0,4
BRDA:8,0,1,4
BRDA:9,1,0,4
BRDA:9,1,1,0
BRDA:11,2,0,0
BRDA:11,2,1,4
BRDA:16,3,0,4
BRDA:16,3,1,0
BRDA:22,4,0,4
BRDA:22,4,1,0
BRDA:22,5,0,4
BRDA:22,5,1,0
BRDA:29,6,0,0
BRDA:29,6,1,0
BRF:14
BRH:7
end_of_record
TN:
SF:src\auth\passportConfig.ts
FN:10,(anonymous_1)
FN:42,(anonymous_2)
FN:90,(anonymous_3)
FN:114,(anonymous_4)
FN:117,(anonymous_5)
FN:129,(anonymous_6)
FN:177,(anonymous_7)
FN:178,(anonymous_8)
FN:188,(anonymous_9)
FN:228,(anonymous_10)
FN:261,(anonymous_11)
FN:264,(anonymous_12)
FN:267,(anonymous_13)
FN:273,(anonymous_14)
FN:276,(anonymous_15)
FN:282,(anonymous_16)
FN:285,(anonymous_17)
FNF:17
FNH:3
FNDA:4,(anonymous_1)
FNDA:0,(anonymous_2)
FNDA:3,(anonymous_3)
FNDA:0,(anonymous_4)
FNDA:0,(anonymous_5)
FNDA:0,(anonymous_6)
FNDA:0,(anonymous_7)
FNDA:0,(anonymous_8)
FNDA:0,(anonymous_9)
FNDA:1,(anonymous_10)
FNDA:0,(anonymous_11)
FNDA:0,(anonymous_12)
FNDA:0,(anonymous_13)
FNDA:0,(anonymous_14)
FNDA:0,(anonymous_15)
FNDA:0,(anonymous_16)
FNDA:0,(anonymous_17)
DA:1,4
DA:2,4
DA:3,4
DA:5,4
DA:6,4
DA:7,4
DA:8,4
DA:10,4
DA:16,4
DA:31,4
DA:43,0
DA:44,0
DA:45,0
DA:48,0
DA:49,0
DA:51,0
DA:54,0
DA:55,0
DA:58,0
DA:59,0
DA:60,0
DA:63,0
DA:64,0
DA:66,0
DA:69,0
DA:70,0
DA:73,0
DA:78,4
DA:91,3
DA:92,3
DA:93,1
DA:95,1
DA:96,0
DA:100,1
DA:101,0
DA:105,1
DA:107,2
DA:111,4
DA:115,0
DA:116,0
DA:117,0
DA:118,0
DA:119,0
DA:120,0
DA:121,0
DA:126,0
DA:127,0
DA:130,0
DA:131,0
DA:133,0
DA:134,0
DA:139,0
DA:140,0
DA:141,0
DA:146,0
DA:147,0
DA:151,0
DA:155,0
DA:163,4
DA:178,0
DA:179,0
DA:180,0
DA:181,0
DA:182,0
DA:187,0
DA:188,0
DA:189,0
DA:190,0
DA:192,0
DA:193,0
DA:197,0
DA:198,0
DA:202,0
DA:205,0
DA:228,4
DA:230,1
DA:231,0
DA:235,0
DA:236,1
DA:237,1
DA:241,1
DA:242,0
DA:243,0
DA:247,0
DA:255,4
DA:262,0
DA:263,0
DA:265,0
DA:268,0
DA:269,0
DA:271,0
DA:272,0
DA:274,0
DA:277,0
DA:278,0
DA:280,0
DA:281,0
DA:283,0
DA:286,0
DA:287,0
LF:100
LH:26
BRDA:43,0,0,0
BRDA:43,0,1,0
BRDA:48,1,0,0
BRDA:48,1,1,0
BRDA:58,2,0,0
BRDA:58,2,1,0
BRDA:63,3,0,0
BRDA:63,3,1,0
BRDA:92,4,0,1
BRDA:92,4,1,2
BRDA:95,5,0,0
BRDA:95,5,1,1
BRDA:100,6,0,0
BRDA:100,6,1,1
BRDA:118,7,0,0
BRDA:118,7,1,0
BRDA:126,8,0,0
BRDA:126,8,1,0
BRDA:130,9,0,0
BRDA:130,9,1,0
BRDA:133,10,0,0
BRDA:133,10,1,0
BRDA:146,11,0,0
BRDA:146,11,1,0
BRDA:179,12,0,0
BRDA:179,12,1,0
BRDA:187,13,0,0
BRDA:187,13,1,0
BRDA:189,14,0,0
BRDA:189,14,1,0
BRDA:192,15,0,0
BRDA:192,15,1,0
BRDA:197,16,0,0
BRDA:197,16,1,0
BRDA:230,17,0,0
BRDA:230,17,1,1
BRDA:236,18,0,1
BRDA:236,18,1,0
BRDA:242,19,0,0
BRDA:242,19,1,0
BRDA:262,20,0,0
BRDA:262,20,1,0
BRDA:271,21,0,0
BRDA:271,21,1,0
BRDA:280,22,0,0
BRDA:280,22,1,0
BRF:46
BRH:6
end_of_record
TN:
SF:src\models\organization.ts
FNF:0
FNH:0
DA:1,4
DA:3,4
DA:15,4
DA:28,4
DA:41,4
DA:63,4
DA:82,4
DA:86,4
LF:8
LH:8
BRF:0
BRH:0
end_of_record
TN:
SF:src\models\staff.ts
FNF:0
FNH:0
DA:1,4
DA:9,4
DA:35,4
DA:52,4
DA:53,4
LF:5
LH:5
BRF:0
BRH:0
end_of_record
TN:
SF:src\models\user.ts
FNF:0
FNH:0
DA:1,4
DA:11,4
DA:27,4
DA:28,4
LF:4
LH:4
BRF:0
BRH:0
end_of_record
TN:
SF:src\routes\index.ts
FN:7,(anonymous_1)
FNF:1
FNH:1
FNDA:1,(anonymous_1)
DA:1,4
DA:4,4
DA:7,4
DA:8,1
DA:13,4
LF:5
LH:5
BRF:0
BRH:0
end_of_record
TN:
SF:src\routes\requests\info.ts
FN:15,(anonymous_1)
FNF:1
FNH:0
FNDA:0,(anonymous_1)
DA:1,4
DA:2,4
DA:3,4
DA:4,4
DA:6,4
DA:10,4
DA:17,0
DA:18,0
DA:19,0
DA:20,0
DA:23,0
DA:24,0
DA:25,0
DA:27,0
DA:28,0
DA:29,0
DA:30,0
DA:31,0
DA:32,0
DA:36,0
DA:56,4
LF:21
LH:7
BRDA:18,0,0,0
BRDA:18,0,1,0
BRF:2
BRH:0
end_of_record
TN:
SF:src\routes\requests\requestRouter.ts
FNF:0
FNH:0
DA:1,4
DA:2,4
DA:4,4
DA:6,4
DA:8,4
LF:5
LH:5
BRF:0
BRH:0
end_of_record
TN:
SF:src\routes\signin\org.ts
FN:41,(anonymous_7)
FN:54,(anonymous_8)
FN:136,(anonymous_9)
FN:150,(anonymous_10)
FNF:4
FNH:0
FNDA:0,(anonymous_7)
FNDA:0,(anonymous_8)
FNDA:0,(anonymous_9)
FNDA:0,(anonymous_10)
DA:1,4
DA:2,4
DA:3,4
DA:4,4
DA:5,4
DA:6,4
DA:8,4
DA:14,4
DA:46,0
DA:47,0
DA:48,0
DA:52,0
DA:58,0
DA:59,0
DA:60,0
DA:62,0
DA:63,0
DA:64,0
DA:68,0
DA:75,0
DA:76,0
DA:78,0
DA:79,0
DA:84,0
DA:88,0
DA:89,0
DA:93,0
DA:94,0
DA:99,0
DA:109,0
DA:115,4
DA:141,0
DA:142,0
DA:143,0
DA:147,0
DA:151,0
DA:152,0
DA:156,0
DA:157,0
DA:158,0
DA:162,0
DA:172,0
DA:181,0
DA:186,0
DA:195,4
LF:45
LH:10
BRDA:47,0,0,0
BRDA:47,0,1,0
BRDA:58,1,0,0
BRDA:58,1,1,0
BRDA:62,2,0,0
BRDA:62,2,1,0
BRDA:88,3,0,0
BRDA:88,3,1,0
BRDA:93,4,0,0
BRDA:93,4,1,0
BRDA:142,5,0,0
BRDA:142,5,1,0
BRDA:151,6,0,0
BRDA:151,6,1,0
BRDA:157,7,0,0
BRDA:157,7,1,0
BRF:16
BRH:0
end_of_record
TN:
SF:src\routes\signin\signInRouter.ts
FNF:0
FNH:0
DA:1,4
DA:2,4
DA:3,4
DA:5,4
DA:7,4
DA:8,4
DA:10,4
LF:7
LH:7
BRF:0
BRH:0
end_of_record
TN:
SF:src\routes\signin\staff.ts
FN:41,(anonymous_7)
FN:50,(anonymous_8)
FN:137,(anonymous_9)
FN:151,(anonymous_10)
FNF:4
FNH:2
FNDA:0,(anonymous_7)
FNDA:0,(anonymous_8)
FNDA:7,(anonymous_9)
FNDA:1,(anonymous_10)
DA:1,4
DA:2,4
DA:3,4
DA:4,4
DA:5,4
DA:6,4
DA:8,4
DA:14,4
DA:42,0
DA:43,0
DA:44,0
DA:48,0
DA:54,0
DA:55,0
DA:56,0
DA:58,0
DA:59,0
DA:60,0
DA:64,0
DA:71,0
DA:72,0
DA:74,0
DA:75,0
DA:81,0
DA:84,0
DA:85,0
DA:90,0
DA:91,0
DA:97,0
DA:110,0
DA:116,4
DA:142,7
DA:143,7
DA:144,4
DA:148,3
DA:152,1
DA:153,0
DA:157,1
DA:158,1
DA:159,0
DA:163,1
DA:176,1
DA:185,1
DA:191,1
DA:200,4
LF:45
LH:21
BRDA:43,0,0,0
BRDA:43,0,1,0
BRDA:54,1,0,0
BRDA:54,1,1,0
BRDA:58,2,0,0
BRDA:58,2,1,0
BRDA:84,3,0,0
BRDA:84,3,1,0
BRDA:90,4,0,0
BRDA:90,4,1,0
BRDA:143,5,0,4
BRDA:143,5,1,3
BRDA:152,6,0,0
BRDA:152,6,1,1
BRDA:158,7,0,0
BRDA:158,7,1,1
BRF:16
BRH:4
end_of_record
TN:
SF:src\routes\signup\org.ts
FN:11,(anonymous_7)
FN:21,(anonymous_8)
FNF:2
FNH:2
FNDA:2,(anonymous_7)
FNDA:2,(anonymous_8)
DA:1,4
DA:2,4
DA:3,4
DA:4,4
DA:5,4
DA:7,4
DA:10,4
DA:12,2
DA:13,2
DA:14,0
DA:15,0
DA:19,2
DA:22,2
DA:23,2
DA:24,2
DA:30,2
DA:31,2
DA:32,2
DA:33,0
DA:37,2
DA:43,4
LF:21
LH:18
BRDA:13,0,0,0
BRDA:13,0,1,2
BRF:2
BRH:1
end_of_record
TN:
SF:src\routes\signup\signUpRouter.ts
FNF:0
FNH:0
DA:1,4
DA:3,4
DA:4,4
DA:6,4
DA:8,4
DA:9,4
DA:11,4
LF:7
LH:7
BRF:0
BRH:0
end_of_record
TN:
SF:src\routes\signup\staff.ts
FN:31,(anonymous_7)
FN:40,(anonymous_8)
FNF:2
FNH:0
FNDA:0,(anonymous_7)
FNDA:0,(anonymous_8)
DA:4,4
DA:5,4
DA:6,4
DA:7,4
DA:9,4
DA:11,4
DA:32,0
DA:33,0
DA:34,0
DA:38,0
DA:41,0
DA:42,0
DA:43,0
DA:44,0
DA:45,0
DA:51,0
DA:52,0
DA:53,0
DA:57,0
DA:62,0
DA:68,4
LF:21
LH:7
BRDA:33,0,0,0
BRDA:33,0,1,0
BRDA:43,1,0,0
BRDA:43,1,1,0
BRF:4
BRH:0
end_of_record
TN:
SF:src\routes\test\db.ts
FN:7,(anonymous_1)
FNF:1
FNH:0
FNDA:0,(anonymous_1)
DA:1,4
DA:2,4
DA:4,4
DA:7,4
DA:8,0
DA:9,0
DA:10,0
LF:7
LH:4
BRF:0
BRH:0
end_of_record
TN:
SF:src\routes\test\testRouter.ts
FNF:0
FNH:0
DA:1,4
DA:2,4
DA:4,4
DA:6,4
DA:8,4
LF:5
LH:5
BRF:0
BRH:0
end_of_record
TN:
SF:src\socketio\SockIOConf.ts
FN:7,socketconf
FN:15,(anonymous_2)
FN:17,(anonymous_3)
FN:21,(anonymous_4)
FN:28,(anonymous_5)
FN:29,(anonymous_6)
FNF:6
FNH:1
FNDA:4,socketconf
FNDA:0,(anonymous_2)
FNDA:0,(anonymous_3)
FNDA:0,(anonymous_4)
FNDA:0,(anonymous_5)
FNDA:0,(anonymous_6)
DA:1,4
DA:4,4
DA:5,4
DA:11,4
DA:12,4
DA:14,4
DA:15,4
DA:16,0
DA:17,0
DA:18,0
DA:19,0
DA:21,0
DA:22,0
DA:23,0
DA:25,0
DA:28,0
DA:29,0
DA:30,0
DA:33,4
DA:35,4
LF:20
LH:9
BRDA:22,0,0,0
BRDA:22,0,1,0
BRF:2
BRH:0
end_of_record
